{"/Users/kevinzhang/Desktop/Course/CapstoneProject/work/RandomChat/src/hooks/useChatWebSocket.ts": {"path":"/Users/kevinzhang/Desktop/Course/CapstoneProject/work/RandomChat/src/hooks/useChatWebSocket.ts","statementMap":{"0":{"start":{"line":22,"column":25},"end":{"line":46,"column":1}},"1":{"start":{"line":23,"column":23},"end":{"line":23,"column":54}},"2":{"start":{"line":26,"column":14},"end":{"line":26,"column":50}},"3":{"start":{"line":29,"column":2},"end":{"line":45,"column":9}},"4":{"start":{"line":30,"column":4},"end":{"line":30,"column":49}},"5":{"start":{"line":31,"column":22},"end":{"line":31,"column":55}},"6":{"start":{"line":33,"column":4},"end":{"line":36,"column":5}},"7":{"start":{"line":34,"column":6},"end":{"line":34,"column":38}},"8":{"start":{"line":35,"column":6},"end":{"line":35,"column":13}},"9":{"start":{"line":38,"column":4},"end":{"line":40,"column":6}},"10":{"start":{"line":39,"column":6},"end":{"line":39,"column":49}},"11":{"start":{"line":42,"column":4},"end":{"line":44,"column":6}},"12":{"start":{"line":43,"column":6},"end":{"line":43,"column":24}},"13":{"start":{"line":48,"column":22},"end":{"line":59,"column":1}},"14":{"start":{"line":49,"column":2},"end":{"line":49,"column":43}},"15":{"start":{"line":52,"column":2},"end":{"line":56,"column":3}},"16":{"start":{"line":53,"column":4},"end":{"line":53,"column":33}},"17":{"start":{"line":55,"column":4},"end":{"line":55,"column":31}},"18":{"start":{"line":58,"column":2},"end":{"line":58,"column":72}},"19":{"start":{"line":61,"column":23},"end":{"line":92,"column":1}},"20":{"start":{"line":62,"column":2},"end":{"line":62,"column":45}},"21":{"start":{"line":63,"column":29},"end":{"line":73,"column":3}},"22":{"start":{"line":75,"column":2},"end":{"line":75,"column":55}},"23":{"start":{"line":78,"column":2},"end":{"line":91,"column":7}},"24":{"start":{"line":90,"column":6},"end":{"line":90,"column":71}},"25":{"start":{"line":94,"column":40},"end":{"line":117,"column":1}},"26":{"start":{"line":98,"column":35},"end":{"line":98,"column":53}},"27":{"start":{"line":99,"column":2},"end":{"line":99,"column":55}},"28":{"start":{"line":101,"column":2},"end":{"line":116,"column":3}},"29":{"start":{"line":102,"column":4},"end":{"line":102,"column":33}},"30":{"start":{"line":103,"column":4},"end":{"line":103,"column":64}},"31":{"start":{"line":104,"column":4},"end":{"line":104,"column":50}},"32":{"start":{"line":107,"column":22},"end":{"line":107,"column":69}},"33":{"start":{"line":108,"column":4},"end":{"line":108,"column":58}},"34":{"start":{"line":110,"column":4},"end":{"line":114,"column":5}},"35":{"start":{"line":111,"column":6},"end":{"line":111,"column":37}},"36":{"start":{"line":113,"column":6},"end":{"line":113,"column":30}},"37":{"start":{"line":115,"column":4},"end":{"line":115,"column":40}}},"fnMap":{"0":{"name":"(anonymous_0)","decl":{"start":{"line":22,"column":25},"end":{"line":22,"column":26}},"loc":{"start":{"line":22,"column":44},"end":{"line":46,"column":1}},"line":22},"1":{"name":"(anonymous_1)","decl":{"start":{"line":29,"column":12},"end":{"line":29,"column":13}},"loc":{"start":{"line":29,"column":18},"end":{"line":45,"column":3}},"line":29},"2":{"name":"(anonymous_2)","decl":{"start":{"line":38,"column":26},"end":{"line":38,"column":27}},"loc":{"start":{"line":38,"column":31},"end":{"line":40,"column":5}},"line":38},"3":{"name":"(anonymous_3)","decl":{"start":{"line":42,"column":11},"end":{"line":42,"column":12}},"loc":{"start":{"line":42,"column":17},"end":{"line":44,"column":5}},"line":42},"4":{"name":"(anonymous_4)","decl":{"start":{"line":48,"column":22},"end":{"line":48,"column":23}},"loc":{"start":{"line":48,"column":68},"end":{"line":59,"column":1}},"line":48},"5":{"name":"(anonymous_5)","decl":{"start":{"line":61,"column":23},"end":{"line":61,"column":24}},"loc":{"start":{"line":61,"column":53},"end":{"line":92,"column":1}},"line":61},"6":{"name":"(anonymous_6)","decl":{"start":{"line":88,"column":10},"end":{"line":88,"column":11}},"loc":{"start":{"line":88,"column":16},"end":{"line":91,"column":5}},"line":88},"7":{"name":"(anonymous_7)","decl":{"start":{"line":94,"column":40},"end":{"line":94,"column":41}},"loc":{"start":{"line":97,"column":5},"end":{"line":117,"column":1}},"line":97}},"branchMap":{"0":{"loc":{"start":{"line":33,"column":4},"end":{"line":36,"column":5}},"type":"if","locations":[{"start":{"line":33,"column":4},"end":{"line":36,"column":5}},{"start":{},"end":{}}],"line":33},"1":{"loc":{"start":{"line":52,"column":2},"end":{"line":56,"column":3}},"type":"if","locations":[{"start":{"line":52,"column":2},"end":{"line":56,"column":3}},{"start":{"line":54,"column":9},"end":{"line":56,"column":3}}],"line":52},"2":{"loc":{"start":{"line":101,"column":2},"end":{"line":116,"column":3}},"type":"if","locations":[{"start":{"line":101,"column":2},"end":{"line":116,"column":3}},{"start":{"line":105,"column":9},"end":{"line":116,"column":3}}],"line":101},"3":{"loc":{"start":{"line":110,"column":4},"end":{"line":114,"column":5}},"type":"if","locations":[{"start":{"line":110,"column":4},"end":{"line":114,"column":5}},{"start":{"line":112,"column":11},"end":{"line":114,"column":5}}],"line":110}},"s":{"0":0,"1":0,"2":0,"3":0,"4":0,"5":0,"6":0,"7":0,"8":0,"9":0,"10":0,"11":0,"12":0,"13":0,"14":0,"15":0,"16":0,"17":0,"18":0,"19":0,"20":0,"21":0,"22":0,"23":0,"24":0,"25":0,"26":0,"27":0,"28":0,"29":0,"30":0,"31":0,"32":0,"33":0,"34":0,"35":0,"36":0,"37":0},"f":{"0":0,"1":0,"2":0,"3":0,"4":0,"5":0,"6":0,"7":0},"b":{"0":[0,0],"1":[0,0],"2":[0,0],"3":[0,0]}}
,"/Users/kevinzhang/Desktop/Course/CapstoneProject/work/RandomChat/src/screens/Chats.tsx": {"path":"/Users/kevinzhang/Desktop/Course/CapstoneProject/work/RandomChat/src/screens/Chats.tsx","statementMap":{"0":{"start":{"line":16,"column":14},"end":{"line":62,"column":1}},"1":{"start":{"line":17,"column":44},"end":{"line":17,"column":70}},"2":{"start":{"line":18,"column":16},"end":{"line":18,"column":57}},"3":{"start":{"line":18,"column":40},"end":{"line":18,"column":56}},"4":{"start":{"line":19,"column":2},"end":{"line":19,"column":26}},"5":{"start":{"line":21,"column":18},"end":{"line":21,"column":38}},"6":{"start":{"line":23,"column":21},"end":{"line":25,"column":3}},"7":{"start":{"line":24,"column":4},"end":{"line":24,"column":36}},"8":{"start":{"line":27,"column":2},"end":{"line":37,"column":9}},"9":{"start":{"line":28,"column":4},"end":{"line":28,"column":33}},"10":{"start":{"line":29,"column":4},"end":{"line":29,"column":17}},"11":{"start":{"line":31,"column":4},"end":{"line":31,"column":60}},"12":{"start":{"line":33,"column":4},"end":{"line":36,"column":6}},"13":{"start":{"line":34,"column":6},"end":{"line":34,"column":63}},"14":{"start":{"line":35,"column":6},"end":{"line":35,"column":41}},"15":{"start":{"line":39,"column":2},"end":{"line":61,"column":4}},"16":{"start":{"line":48,"column":38},"end":{"line":48,"column":63}},"17":{"start":{"line":49,"column":36},"end":{"line":49,"column":63}},"18":{"start":{"line":64,"column":28},"end":{"line":77,"column":1}},"19":{"start":{"line":66,"column":4},"end":{"line":66,"column":8}},"20":{"start":{"line":68,"column":2},"end":{"line":76,"column":4}},"21":{"start":{"line":79,"column":15},"end":{"line":95,"column":2}}},"fnMap":{"0":{"name":"(anonymous_0)","decl":{"start":{"line":16,"column":14},"end":{"line":16,"column":15}},"loc":{"start":{"line":16,"column":20},"end":{"line":62,"column":1}},"line":16},"1":{"name":"(anonymous_1)","decl":{"start":{"line":18,"column":31},"end":{"line":18,"column":32}},"loc":{"start":{"line":18,"column":40},"end":{"line":18,"column":56}},"line":18},"2":{"name":"(anonymous_2)","decl":{"start":{"line":23,"column":21},"end":{"line":23,"column":22}},"loc":{"start":{"line":23,"column":27},"end":{"line":25,"column":3}},"line":23},"3":{"name":"(anonymous_3)","decl":{"start":{"line":27,"column":12},"end":{"line":27,"column":13}},"loc":{"start":{"line":27,"column":18},"end":{"line":37,"column":3}},"line":27},"4":{"name":"(anonymous_4)","decl":{"start":{"line":33,"column":11},"end":{"line":33,"column":12}},"loc":{"start":{"line":33,"column":17},"end":{"line":36,"column":5}},"line":33},"5":{"name":"(anonymous_5)","decl":{"start":{"line":48,"column":26},"end":{"line":48,"column":27}},"loc":{"start":{"line":48,"column":38},"end":{"line":48,"column":63}},"line":48},"6":{"name":"(anonymous_6)","decl":{"start":{"line":49,"column":28},"end":{"line":49,"column":29}},"loc":{"start":{"line":49,"column":36},"end":{"line":49,"column":63}},"line":49},"7":{"name":"(anonymous_7)","decl":{"start":{"line":64,"column":28},"end":{"line":64,"column":29}},"loc":{"start":{"line":64,"column":49},"end":{"line":77,"column":1}},"line":64}},"branchMap":{"0":{"loc":{"start":{"line":41,"column":7},"end":{"line":59,"column":7}},"type":"cond-expr","locations":[{"start":{"line":42,"column":8},"end":{"line":42,"column":23}},{"start":{"line":44,"column":8},"end":{"line":58,"column":15}}],"line":41},"1":{"loc":{"start":{"line":45,"column":11},"end":{"line":57,"column":11}},"type":"cond-expr","locations":[{"start":{"line":46,"column":12},"end":{"line":52,"column":14}},{"start":{"line":54,"column":12},"end":{"line":56,"column":19}}],"line":45},"2":{"loc":{"start":{"line":45,"column":11},"end":{"line":45,"column":36}},"type":"binary-expr","locations":[{"start":{"line":45,"column":11},"end":{"line":45,"column":16}},{"start":{"line":45,"column":20},"end":{"line":45,"column":36}}],"line":45}},"s":{"0":0,"1":0,"2":0,"3":0,"4":0,"5":0,"6":0,"7":0,"8":0,"9":0,"10":0,"11":0,"12":0,"13":0,"14":0,"15":0,"16":0,"17":0,"18":0,"19":0,"20":0,"21":0},"f":{"0":0,"1":0,"2":0,"3":0,"4":0,"5":0,"6":0,"7":0},"b":{"0":[0,0],"1":[0,0],"2":[0,0]}}
,"/Users/kevinzhang/Desktop/Course/CapstoneProject/work/RandomChat/src/screens/chat-room/ChatRoom.tsx": {"path":"/Users/kevinzhang/Desktop/Course/CapstoneProject/work/RandomChat/src/screens/chat-room/ChatRoom.tsx","statementMap":{"0":{"start":{"line":44,"column":17},"end":{"line":282,"column":1}},"1":{"start":{"line":45,"column":21},"end":{"line":45,"column":36}},"2":{"start":{"line":46,"column":42},"end":{"line":46,"column":57}},"3":{"start":{"line":49,"column":17},"end":{"line":49,"column":29}},"4":{"start":{"line":50,"column":66},"end":{"line":50,"column":72}},"5":{"start":{"line":52,"column":4},"end":{"line":52,"column":74}},"6":{"start":{"line":52,"column":28},"end":{"line":52,"column":59}},"7":{"start":{"line":57,"column":18},"end":{"line":57,"column":27}},"8":{"start":{"line":58,"column":15},"end":{"line":58,"column":17}},"9":{"start":{"line":63,"column":15},"end":{"line":63,"column":46}},"10":{"start":{"line":64,"column":17},"end":{"line":64,"column":24}},"11":{"start":{"line":65,"column":24},"end":{"line":65,"column":46}},"12":{"start":{"line":66,"column":19},"end":{"line":66,"column":39}},"13":{"start":{"line":71,"column":25},"end":{"line":71,"column":75}},"14":{"start":{"line":71,"column":49},"end":{"line":71,"column":74}},"15":{"start":{"line":72,"column":20},"end":{"line":72,"column":65}},"16":{"start":{"line":72,"column":44},"end":{"line":72,"column":64}},"17":{"start":{"line":73,"column":16},"end":{"line":73,"column":43}},"18":{"start":{"line":75,"column":4},"end":{"line":75,"column":71}},"19":{"start":{"line":76,"column":16},"end":{"line":76,"column":48}},"20":{"start":{"line":79,"column":46},"end":{"line":79,"column":66}},"21":{"start":{"line":82,"column":24},"end":{"line":82,"column":50}},"22":{"start":{"line":84,"column":4},"end":{"line":84,"column":72}},"23":{"start":{"line":84,"column":23},"end":{"line":84,"column":55}},"24":{"start":{"line":86,"column":30},"end":{"line":94,"column":3}},"25":{"start":{"line":88,"column":4},"end":{"line":90,"column":5}},"26":{"start":{"line":89,"column":6},"end":{"line":89,"column":13}},"27":{"start":{"line":91,"column":4},"end":{"line":91,"column":49}},"28":{"start":{"line":93,"column":4},"end":{"line":93,"column":77}},"29":{"start":{"line":96,"column":31},"end":{"line":98,"column":3}},"30":{"start":{"line":97,"column":4},"end":{"line":97,"column":24}},"31":{"start":{"line":100,"column":2},"end":{"line":113,"column":9}},"32":{"start":{"line":101,"column":4},"end":{"line":101,"column":36}},"33":{"start":{"line":103,"column":4},"end":{"line":103,"column":67}},"34":{"start":{"line":105,"column":4},"end":{"line":105,"column":68}},"35":{"start":{"line":106,"column":4},"end":{"line":106,"column":70}},"36":{"start":{"line":108,"column":4},"end":{"line":112,"column":6}},"37":{"start":{"line":109,"column":6},"end":{"line":109,"column":40}},"38":{"start":{"line":110,"column":6},"end":{"line":110,"column":71}},"39":{"start":{"line":111,"column":6},"end":{"line":111,"column":73}},"40":{"start":{"line":116,"column":2},"end":{"line":120,"column":26}},"41":{"start":{"line":117,"column":4},"end":{"line":117,"column":35}},"42":{"start":{"line":119,"column":4},"end":{"line":119,"column":20}},"43":{"start":{"line":122,"column":29},"end":{"line":137,"column":3}},"44":{"start":{"line":124,"column":4},"end":{"line":126,"column":5}},"45":{"start":{"line":125,"column":6},"end":{"line":125,"column":13}},"46":{"start":{"line":128,"column":4},"end":{"line":134,"column":6}},"47":{"start":{"line":136,"column":4},"end":{"line":136,"column":25}},"48":{"start":{"line":139,"column":24},"end":{"line":141,"column":3}},"49":{"start":{"line":140,"column":4},"end":{"line":140,"column":67}},"50":{"start":{"line":143,"column":25},"end":{"line":146,"column":3}},"51":{"start":{"line":144,"column":4},"end":{"line":144,"column":44}},"52":{"start":{"line":145,"column":4},"end":{"line":145,"column":26}},"53":{"start":{"line":152,"column":26},"end":{"line":158,"column":3}},"54":{"start":{"line":153,"column":4},"end":{"line":156,"column":5}},"55":{"start":{"line":154,"column":6},"end":{"line":154,"column":74}},"56":{"start":{"line":155,"column":6},"end":{"line":155,"column":13}},"57":{"start":{"line":157,"column":4},"end":{"line":157,"column":65}},"58":{"start":{"line":160,"column":26},"end":{"line":203,"column":3}},"59":{"start":{"line":164,"column":22},"end":{"line":164,"column":55}},"60":{"start":{"line":165,"column":4},"end":{"line":169,"column":5}},"61":{"start":{"line":166,"column":6},"end":{"line":166,"column":77}},"62":{"start":{"line":167,"column":6},"end":{"line":167,"column":53}},"63":{"start":{"line":168,"column":6},"end":{"line":168,"column":13}},"64":{"start":{"line":172,"column":22},"end":{"line":172,"column":69}},"65":{"start":{"line":173,"column":30},"end":{"line":180,"column":5}},"66":{"start":{"line":181,"column":30},"end":{"line":189,"column":5}},"67":{"start":{"line":191,"column":4},"end":{"line":191,"column":54}},"68":{"start":{"line":193,"column":4},"end":{"line":193,"column":56}},"69":{"start":{"line":194,"column":4},"end":{"line":202,"column":6}},"70":{"start":{"line":205,"column":2},"end":{"line":281,"column":4}},"71":{"start":{"line":227,"column":14},"end":{"line":241,"column":16}},"72":{"start":{"line":243,"column":34},"end":{"line":243,"column":41}},"73":{"start":{"line":256,"column":29},"end":{"line":256,"column":49}},"74":{"start":{"line":268,"column":43},"end":{"line":268,"column":64}},"75":{"start":{"line":276,"column":23},"end":{"line":276,"column":45}},"76":{"start":{"line":284,"column":15},"end":{"line":305,"column":2}}},"fnMap":{"0":{"name":"(anonymous_0)","decl":{"start":{"line":44,"column":17},"end":{"line":44,"column":18}},"loc":{"start":{"line":44,"column":45},"end":{"line":282,"column":1}},"line":44},"1":{"name":"(anonymous_1)","decl":{"start":{"line":52,"column":19},"end":{"line":52,"column":20}},"loc":{"start":{"line":52,"column":28},"end":{"line":52,"column":59}},"line":52},"2":{"name":"(anonymous_2)","decl":{"start":{"line":71,"column":40},"end":{"line":71,"column":41}},"loc":{"start":{"line":71,"column":49},"end":{"line":71,"column":74}},"line":71},"3":{"name":"(anonymous_3)","decl":{"start":{"line":72,"column":35},"end":{"line":72,"column":36}},"loc":{"start":{"line":72,"column":44},"end":{"line":72,"column":64}},"line":72},"4":{"name":"(anonymous_4)","decl":{"start":{"line":84,"column":15},"end":{"line":84,"column":16}},"loc":{"start":{"line":84,"column":23},"end":{"line":84,"column":55}},"line":84},"5":{"name":"(anonymous_5)","decl":{"start":{"line":86,"column":30},"end":{"line":86,"column":31}},"loc":{"start":{"line":86,"column":68},"end":{"line":94,"column":3}},"line":86},"6":{"name":"(anonymous_6)","decl":{"start":{"line":96,"column":31},"end":{"line":96,"column":32}},"loc":{"start":{"line":96,"column":37},"end":{"line":98,"column":3}},"line":96},"7":{"name":"(anonymous_7)","decl":{"start":{"line":100,"column":12},"end":{"line":100,"column":13}},"loc":{"start":{"line":100,"column":18},"end":{"line":113,"column":3}},"line":100},"8":{"name":"(anonymous_8)","decl":{"start":{"line":108,"column":11},"end":{"line":108,"column":12}},"loc":{"start":{"line":108,"column":17},"end":{"line":112,"column":5}},"line":108},"9":{"name":"(anonymous_9)","decl":{"start":{"line":116,"column":12},"end":{"line":116,"column":13}},"loc":{"start":{"line":116,"column":18},"end":{"line":120,"column":3}},"line":116},"10":{"name":"(anonymous_10)","decl":{"start":{"line":119,"column":11},"end":{"line":119,"column":12}},"loc":{"start":{"line":119,"column":17},"end":{"line":119,"column":19}},"line":119},"11":{"name":"(anonymous_11)","decl":{"start":{"line":122,"column":29},"end":{"line":122,"column":30}},"loc":{"start":{"line":122,"column":41},"end":{"line":137,"column":3}},"line":122},"12":{"name":"(anonymous_12)","decl":{"start":{"line":139,"column":24},"end":{"line":139,"column":25}},"loc":{"start":{"line":139,"column":62},"end":{"line":141,"column":3}},"line":139},"13":{"name":"(anonymous_13)","decl":{"start":{"line":143,"column":25},"end":{"line":143,"column":26}},"loc":{"start":{"line":143,"column":31},"end":{"line":146,"column":3}},"line":143},"14":{"name":"(anonymous_14)","decl":{"start":{"line":152,"column":26},"end":{"line":152,"column":27}},"loc":{"start":{"line":152,"column":48},"end":{"line":158,"column":3}},"line":152},"15":{"name":"(anonymous_15)","decl":{"start":{"line":160,"column":26},"end":{"line":160,"column":27}},"loc":{"start":{"line":163,"column":7},"end":{"line":203,"column":3}},"line":163},"16":{"name":"(anonymous_16)","decl":{"start":{"line":226,"column":24},"end":{"line":226,"column":25}},"loc":{"start":{"line":227,"column":14},"end":{"line":241,"column":16}},"line":227},"17":{"name":"(anonymous_17)","decl":{"start":{"line":243,"column":26},"end":{"line":243,"column":27}},"loc":{"start":{"line":243,"column":34},"end":{"line":243,"column":41}},"line":243},"18":{"name":"(anonymous_18)","decl":{"start":{"line":256,"column":24},"end":{"line":256,"column":25}},"loc":{"start":{"line":256,"column":29},"end":{"line":256,"column":49}},"line":256},"19":{"name":"(anonymous_19)","decl":{"start":{"line":268,"column":37},"end":{"line":268,"column":38}},"loc":{"start":{"line":268,"column":43},"end":{"line":268,"column":64}},"line":268},"20":{"name":"(anonymous_20)","decl":{"start":{"line":276,"column":17},"end":{"line":276,"column":18}},"loc":{"start":{"line":276,"column":23},"end":{"line":276,"column":45}},"line":276}},"branchMap":{"0":{"loc":{"start":{"line":65,"column":24},"end":{"line":65,"column":46}},"type":"binary-expr","locations":[{"start":{"line":65,"column":24},"end":{"line":65,"column":40}},{"start":{"line":65,"column":44},"end":{"line":65,"column":46}}],"line":65},"1":{"loc":{"start":{"line":66,"column":19},"end":{"line":66,"column":39}},"type":"binary-expr","locations":[{"start":{"line":66,"column":19},"end":{"line":66,"column":33}},{"start":{"line":66,"column":37},"end":{"line":66,"column":39}}],"line":66},"2":{"loc":{"start":{"line":73,"column":16},"end":{"line":73,"column":43}},"type":"binary-expr","locations":[{"start":{"line":73,"column":16},"end":{"line":73,"column":38}},{"start":{"line":73,"column":42},"end":{"line":73,"column":43}}],"line":73},"3":{"loc":{"start":{"line":75,"column":4},"end":{"line":75,"column":71}},"type":"cond-expr","locations":[{"start":{"line":75,"column":30},"end":{"line":75,"column":40}},{"start":{"line":75,"column":43},"end":{"line":75,"column":71}}],"line":75},"4":{"loc":{"start":{"line":84,"column":4},"end":{"line":84,"column":72}},"type":"binary-expr","locations":[{"start":{"line":84,"column":4},"end":{"line":84,"column":66}},{"start":{"line":84,"column":70},"end":{"line":84,"column":72}}],"line":84},"5":{"loc":{"start":{"line":88,"column":4},"end":{"line":90,"column":5}},"type":"if","locations":[{"start":{"line":88,"column":4},"end":{"line":90,"column":5}},{"start":{},"end":{}}],"line":88},"6":{"loc":{"start":{"line":124,"column":4},"end":{"line":126,"column":5}},"type":"if","locations":[{"start":{"line":124,"column":4},"end":{"line":126,"column":5}},{"start":{},"end":{}}],"line":124},"7":{"loc":{"start":{"line":124,"column":8},"end":{"line":124,"column":45}},"type":"binary-expr","locations":[{"start":{"line":124,"column":8},"end":{"line":124,"column":17}},{"start":{"line":124,"column":21},"end":{"line":124,"column":45}}],"line":124},"8":{"loc":{"start":{"line":139,"column":25},"end":{"line":139,"column":57}},"type":"default-arg","locations":[{"start":{"line":139,"column":53},"end":{"line":139,"column":57}}],"line":139},"9":{"loc":{"start":{"line":153,"column":4},"end":{"line":156,"column":5}},"type":"if","locations":[{"start":{"line":153,"column":4},"end":{"line":156,"column":5}},{"start":{},"end":{}}],"line":153},"10":{"loc":{"start":{"line":165,"column":4},"end":{"line":169,"column":5}},"type":"if","locations":[{"start":{"line":165,"column":4},"end":{"line":169,"column":5}},{"start":{},"end":{}}],"line":165},"11":{"loc":{"start":{"line":165,"column":8},"end":{"line":165,"column":61}},"type":"binary-expr","locations":[{"start":{"line":165,"column":8},"end":{"line":165,"column":18}},{"start":{"line":165,"column":22},"end":{"line":165,"column":61}}],"line":165},"12":{"loc":{"start":{"line":212,"column":9},"end":{"line":247,"column":9}},"type":"cond-expr","locations":[{"start":{"line":213,"column":10},"end":{"line":244,"column":12}},{"start":{"line":246,"column":10},"end":{"line":246,"column":12}}],"line":212},"13":{"loc":{"start":{"line":212,"column":9},"end":{"line":212,"column":40}},"type":"binary-expr","locations":[{"start":{"line":212,"column":9},"end":{"line":212,"column":17}},{"start":{"line":212,"column":21},"end":{"line":212,"column":40}}],"line":212},"14":{"loc":{"start":{"line":217,"column":14},"end":{"line":217,"column":67}},"type":"cond-expr","locations":[{"start":{"line":217,"column":26},"end":{"line":217,"column":60}},{"start":{"line":217,"column":63},"end":{"line":217,"column":67}}],"line":217},"15":{"loc":{"start":{"line":258,"column":9},"end":{"line":266,"column":9}},"type":"binary-expr","locations":[{"start":{"line":258,"column":9},"end":{"line":258,"column":34}},{"start":{"line":259,"column":10},"end":{"line":265,"column":17}}],"line":258}},"s":{"0":0,"1":0,"2":0,"3":0,"4":0,"5":0,"6":0,"7":0,"8":0,"9":0,"10":0,"11":0,"12":0,"13":0,"14":0,"15":0,"16":0,"17":0,"18":0,"19":0,"20":0,"21":0,"22":0,"23":0,"24":0,"25":0,"26":0,"27":0,"28":0,"29":0,"30":0,"31":0,"32":0,"33":0,"34":0,"35":0,"36":0,"37":0,"38":0,"39":0,"40":0,"41":0,"42":0,"43":0,"44":0,"45":0,"46":0,"47":0,"48":0,"49":0,"50":0,"51":0,"52":0,"53":0,"54":0,"55":0,"56":0,"57":0,"58":0,"59":0,"60":0,"61":0,"62":0,"63":0,"64":0,"65":0,"66":0,"67":0,"68":0,"69":0,"70":0,"71":0,"72":0,"73":0,"74":0,"75":0,"76":0},"f":{"0":0,"1":0,"2":0,"3":0,"4":0,"5":0,"6":0,"7":0,"8":0,"9":0,"10":0,"11":0,"12":0,"13":0,"14":0,"15":0,"16":0,"17":0,"18":0,"19":0,"20":0},"b":{"0":[0,0],"1":[0,0],"2":[0,0],"3":[0,0],"4":[0,0],"5":[0,0],"6":[0,0],"7":[0,0],"8":[0],"9":[0,0],"10":[0,0],"11":[0,0],"12":[0,0],"13":[0,0],"14":[0,0],"15":[0,0]}}
,"/Users/kevinzhang/Desktop/Course/CapstoneProject/work/RandomChat/src/screens/chat-room/ChatRoomWithoutPagination.tsx": {"path":"/Users/kevinzhang/Desktop/Course/CapstoneProject/work/RandomChat/src/screens/chat-room/ChatRoomWithoutPagination.tsx","statementMap":{"0":{"start":{"line":28,"column":34},"end":{"line":197,"column":1}},"1":{"start":{"line":29,"column":21},"end":{"line":29,"column":36}},"2":{"start":{"line":30,"column":42},"end":{"line":30,"column":57}},"3":{"start":{"line":33,"column":17},"end":{"line":33,"column":29}},"4":{"start":{"line":34,"column":59},"end":{"line":34,"column":65}},"5":{"start":{"line":36,"column":25},"end":{"line":36,"column":75}},"6":{"start":{"line":36,"column":49},"end":{"line":36,"column":74}},"7":{"start":{"line":37,"column":20},"end":{"line":37,"column":65}},"8":{"start":{"line":37,"column":44},"end":{"line":37,"column":64}},"9":{"start":{"line":38,"column":16},"end":{"line":38,"column":43}},"10":{"start":{"line":41,"column":4},"end":{"line":41,"column":71}},"11":{"start":{"line":42,"column":16},"end":{"line":42,"column":48}},"12":{"start":{"line":45,"column":46},"end":{"line":45,"column":66}},"13":{"start":{"line":47,"column":15},"end":{"line":47,"column":46}},"14":{"start":{"line":48,"column":17},"end":{"line":48,"column":24}},"15":{"start":{"line":49,"column":24},"end":{"line":49,"column":46}},"16":{"start":{"line":50,"column":19},"end":{"line":50,"column":39}},"17":{"start":{"line":53,"column":24},"end":{"line":53,"column":50}},"18":{"start":{"line":55,"column":4},"end":{"line":55,"column":72}},"19":{"start":{"line":55,"column":23},"end":{"line":55,"column":55}},"20":{"start":{"line":57,"column":30},"end":{"line":60,"column":3}},"21":{"start":{"line":59,"column":4},"end":{"line":59,"column":20}},"22":{"start":{"line":62,"column":31},"end":{"line":64,"column":3}},"23":{"start":{"line":63,"column":4},"end":{"line":63,"column":24}},"24":{"start":{"line":66,"column":2},"end":{"line":79,"column":26}},"25":{"start":{"line":67,"column":4},"end":{"line":67,"column":36}},"26":{"start":{"line":68,"column":4},"end":{"line":68,"column":35}},"27":{"start":{"line":69,"column":4},"end":{"line":69,"column":20}},"28":{"start":{"line":71,"column":4},"end":{"line":71,"column":68}},"29":{"start":{"line":72,"column":4},"end":{"line":72,"column":70}},"30":{"start":{"line":74,"column":4},"end":{"line":78,"column":6}},"31":{"start":{"line":75,"column":6},"end":{"line":75,"column":40}},"32":{"start":{"line":76,"column":6},"end":{"line":76,"column":71}},"33":{"start":{"line":77,"column":6},"end":{"line":77,"column":73}},"34":{"start":{"line":81,"column":24},"end":{"line":83,"column":3}},"35":{"start":{"line":82,"column":4},"end":{"line":82,"column":80}},"36":{"start":{"line":85,"column":25},"end":{"line":88,"column":3}},"37":{"start":{"line":86,"column":4},"end":{"line":86,"column":44}},"38":{"start":{"line":87,"column":4},"end":{"line":87,"column":26}},"39":{"start":{"line":94,"column":26},"end":{"line":100,"column":3}},"40":{"start":{"line":95,"column":4},"end":{"line":98,"column":5}},"41":{"start":{"line":96,"column":6},"end":{"line":96,"column":74}},"42":{"start":{"line":97,"column":6},"end":{"line":97,"column":13}},"43":{"start":{"line":99,"column":4},"end":{"line":99,"column":65}},"44":{"start":{"line":102,"column":26},"end":{"line":131,"column":3}},"45":{"start":{"line":103,"column":22},"end":{"line":103,"column":55}},"46":{"start":{"line":104,"column":4},"end":{"line":108,"column":5}},"47":{"start":{"line":105,"column":6},"end":{"line":105,"column":77}},"48":{"start":{"line":106,"column":6},"end":{"line":106,"column":53}},"49":{"start":{"line":107,"column":6},"end":{"line":107,"column":13}},"50":{"start":{"line":111,"column":30},"end":{"line":118,"column":5}},"51":{"start":{"line":119,"column":30},"end":{"line":127,"column":5}},"52":{"start":{"line":129,"column":4},"end":{"line":129,"column":54}},"53":{"start":{"line":130,"column":4},"end":{"line":130,"column":56}},"54":{"start":{"line":133,"column":2},"end":{"line":196,"column":4}},"55":{"start":{"line":150,"column":14},"end":{"line":163,"column":16}},"56":{"start":{"line":165,"column":34},"end":{"line":165,"column":41}},"57":{"start":{"line":176,"column":29},"end":{"line":176,"column":49}},"58":{"start":{"line":184,"column":33},"end":{"line":184,"column":54}},"59":{"start":{"line":191,"column":23},"end":{"line":191,"column":45}},"60":{"start":{"line":199,"column":15},"end":{"line":219,"column":2}}},"fnMap":{"0":{"name":"(anonymous_0)","decl":{"start":{"line":28,"column":34},"end":{"line":28,"column":35}},"loc":{"start":{"line":28,"column":62},"end":{"line":197,"column":1}},"line":28},"1":{"name":"(anonymous_1)","decl":{"start":{"line":36,"column":40},"end":{"line":36,"column":41}},"loc":{"start":{"line":36,"column":49},"end":{"line":36,"column":74}},"line":36},"2":{"name":"(anonymous_2)","decl":{"start":{"line":37,"column":35},"end":{"line":37,"column":36}},"loc":{"start":{"line":37,"column":44},"end":{"line":37,"column":64}},"line":37},"3":{"name":"(anonymous_3)","decl":{"start":{"line":55,"column":15},"end":{"line":55,"column":16}},"loc":{"start":{"line":55,"column":23},"end":{"line":55,"column":55}},"line":55},"4":{"name":"(anonymous_4)","decl":{"start":{"line":57,"column":30},"end":{"line":57,"column":31}},"loc":{"start":{"line":57,"column":68},"end":{"line":60,"column":3}},"line":57},"5":{"name":"(anonymous_5)","decl":{"start":{"line":62,"column":31},"end":{"line":62,"column":32}},"loc":{"start":{"line":62,"column":37},"end":{"line":64,"column":3}},"line":62},"6":{"name":"(anonymous_6)","decl":{"start":{"line":66,"column":12},"end":{"line":66,"column":13}},"loc":{"start":{"line":66,"column":18},"end":{"line":79,"column":3}},"line":66},"7":{"name":"(anonymous_7)","decl":{"start":{"line":74,"column":11},"end":{"line":74,"column":12}},"loc":{"start":{"line":74,"column":17},"end":{"line":78,"column":5}},"line":74},"8":{"name":"(anonymous_8)","decl":{"start":{"line":81,"column":24},"end":{"line":81,"column":25}},"loc":{"start":{"line":81,"column":30},"end":{"line":83,"column":3}},"line":81},"9":{"name":"(anonymous_9)","decl":{"start":{"line":85,"column":25},"end":{"line":85,"column":26}},"loc":{"start":{"line":85,"column":31},"end":{"line":88,"column":3}},"line":85},"10":{"name":"(anonymous_10)","decl":{"start":{"line":94,"column":26},"end":{"line":94,"column":27}},"loc":{"start":{"line":94,"column":48},"end":{"line":100,"column":3}},"line":94},"11":{"name":"(anonymous_11)","decl":{"start":{"line":102,"column":26},"end":{"line":102,"column":27}},"loc":{"start":{"line":102,"column":78},"end":{"line":131,"column":3}},"line":102},"12":{"name":"(anonymous_12)","decl":{"start":{"line":149,"column":24},"end":{"line":149,"column":25}},"loc":{"start":{"line":150,"column":14},"end":{"line":163,"column":16}},"line":150},"13":{"name":"(anonymous_13)","decl":{"start":{"line":165,"column":26},"end":{"line":165,"column":27}},"loc":{"start":{"line":165,"column":34},"end":{"line":165,"column":41}},"line":165},"14":{"name":"(anonymous_14)","decl":{"start":{"line":176,"column":24},"end":{"line":176,"column":25}},"loc":{"start":{"line":176,"column":29},"end":{"line":176,"column":49}},"line":176},"15":{"name":"(anonymous_15)","decl":{"start":{"line":184,"column":27},"end":{"line":184,"column":28}},"loc":{"start":{"line":184,"column":33},"end":{"line":184,"column":54}},"line":184},"16":{"name":"(anonymous_16)","decl":{"start":{"line":191,"column":17},"end":{"line":191,"column":18}},"loc":{"start":{"line":191,"column":23},"end":{"line":191,"column":45}},"line":191}},"branchMap":{"0":{"loc":{"start":{"line":38,"column":16},"end":{"line":38,"column":43}},"type":"binary-expr","locations":[{"start":{"line":38,"column":16},"end":{"line":38,"column":38}},{"start":{"line":38,"column":42},"end":{"line":38,"column":43}}],"line":38},"1":{"loc":{"start":{"line":41,"column":4},"end":{"line":41,"column":71}},"type":"cond-expr","locations":[{"start":{"line":41,"column":30},"end":{"line":41,"column":40}},{"start":{"line":41,"column":43},"end":{"line":41,"column":71}}],"line":41},"2":{"loc":{"start":{"line":49,"column":24},"end":{"line":49,"column":46}},"type":"binary-expr","locations":[{"start":{"line":49,"column":24},"end":{"line":49,"column":40}},{"start":{"line":49,"column":44},"end":{"line":49,"column":46}}],"line":49},"3":{"loc":{"start":{"line":50,"column":19},"end":{"line":50,"column":39}},"type":"binary-expr","locations":[{"start":{"line":50,"column":19},"end":{"line":50,"column":33}},{"start":{"line":50,"column":37},"end":{"line":50,"column":39}}],"line":50},"4":{"loc":{"start":{"line":55,"column":4},"end":{"line":55,"column":72}},"type":"binary-expr","locations":[{"start":{"line":55,"column":4},"end":{"line":55,"column":66}},{"start":{"line":55,"column":70},"end":{"line":55,"column":72}}],"line":55},"5":{"loc":{"start":{"line":95,"column":4},"end":{"line":98,"column":5}},"type":"if","locations":[{"start":{"line":95,"column":4},"end":{"line":98,"column":5}},{"start":{},"end":{}}],"line":95},"6":{"loc":{"start":{"line":104,"column":4},"end":{"line":108,"column":5}},"type":"if","locations":[{"start":{"line":104,"column":4},"end":{"line":108,"column":5}},{"start":{},"end":{}}],"line":104},"7":{"loc":{"start":{"line":104,"column":8},"end":{"line":104,"column":61}},"type":"binary-expr","locations":[{"start":{"line":104,"column":8},"end":{"line":104,"column":18}},{"start":{"line":104,"column":22},"end":{"line":104,"column":61}}],"line":104},"8":{"loc":{"start":{"line":140,"column":9},"end":{"line":169,"column":9}},"type":"cond-expr","locations":[{"start":{"line":141,"column":10},"end":{"line":166,"column":12}},{"start":{"line":168,"column":10},"end":{"line":168,"column":12}}],"line":140},"9":{"loc":{"start":{"line":140,"column":9},"end":{"line":140,"column":40}},"type":"binary-expr","locations":[{"start":{"line":140,"column":9},"end":{"line":140,"column":17}},{"start":{"line":140,"column":21},"end":{"line":140,"column":40}}],"line":140}},"s":{"0":0,"1":0,"2":0,"3":0,"4":0,"5":0,"6":0,"7":0,"8":0,"9":0,"10":0,"11":0,"12":0,"13":0,"14":0,"15":0,"16":0,"17":0,"18":0,"19":0,"20":0,"21":0,"22":0,"23":0,"24":0,"25":0,"26":0,"27":0,"28":0,"29":0,"30":0,"31":0,"32":0,"33":0,"34":0,"35":0,"36":0,"37":0,"38":0,"39":0,"40":0,"41":0,"42":0,"43":0,"44":0,"45":0,"46":0,"47":0,"48":0,"49":0,"50":0,"51":0,"52":0,"53":0,"54":0,"55":0,"56":0,"57":0,"58":0,"59":0,"60":0},"f":{"0":0,"1":0,"2":0,"3":0,"4":0,"5":0,"6":0,"7":0,"8":0,"9":0,"10":0,"11":0,"12":0,"13":0,"14":0,"15":0,"16":0},"b":{"0":[0,0],"1":[0,0],"2":[0,0],"3":[0,0],"4":[0,0],"5":[0,0],"6":[0,0],"7":[0,0],"8":[0,0],"9":[0,0]}}
,"/Users/kevinzhang/Desktop/Course/CapstoneProject/work/RandomChat/src/screens/chat-room/chatUtil.tsx": {"path":"/Users/kevinzhang/Desktop/Course/CapstoneProject/work/RandomChat/src/screens/chat-room/chatUtil.tsx","statementMap":{"0":{"start":{"line":4,"column":39},"end":{"line":24,"column":1}},"1":{"start":{"line":12,"column":31},"end":{"line":21,"column":3}},"2":{"start":{"line":23,"column":2},"end":{"line":23,"column":13}},"3":{"start":{"line":26,"column":42},"end":{"line":51,"column":1}},"4":{"start":{"line":37,"column":35},"end":{"line":48,"column":3}},"5":{"start":{"line":50,"column":2},"end":{"line":50,"column":13}}},"fnMap":{"0":{"name":"(anonymous_0)","decl":{"start":{"line":4,"column":39},"end":{"line":4,"column":40}},"loc":{"start":{"line":11,"column":5},"end":{"line":24,"column":1}},"line":11},"1":{"name":"(anonymous_1)","decl":{"start":{"line":26,"column":42},"end":{"line":26,"column":43}},"loc":{"start":{"line":36,"column":5},"end":{"line":51,"column":1}},"line":36}},"branchMap":{"0":{"loc":{"start":{"line":10,"column":2},"end":{"line":10,"column":54}},"type":"default-arg","locations":[{"start":{"line":10,"column":48},"end":{"line":10,"column":54}}],"line":10},"1":{"loc":{"start":{"line":33,"column":2},"end":{"line":33,"column":54}},"type":"default-arg","locations":[{"start":{"line":33,"column":48},"end":{"line":33,"column":54}}],"line":33},"2":{"loc":{"start":{"line":34,"column":2},"end":{"line":34,"column":20}},"type":"default-arg","locations":[{"start":{"line":34,"column":19},"end":{"line":34,"column":20}}],"line":34},"3":{"loc":{"start":{"line":35,"column":2},"end":{"line":35,"column":25}},"type":"default-arg","locations":[{"start":{"line":35,"column":20},"end":{"line":35,"column":25}}],"line":35}},"s":{"0":1,"1":0,"2":0,"3":1,"4":5,"5":5},"f":{"0":0,"1":5},"b":{"0":[0],"1":[5],"2":[5],"3":[5]},"_coverageSchema":"1a1c01bbd47fc00a2c39e90264f33305004495a9","hash":"223255b96e12553565a1dd7185b6e61d9d620fb5"}
,"/Users/kevinzhang/Desktop/Course/CapstoneProject/work/RandomChat/src/services/jest/server.ts": {"path":"/Users/kevinzhang/Desktop/Course/CapstoneProject/work/RandomChat/src/services/jest/server.ts","statementMap":{"0":{"start":{"line":4,"column":15},"end":{"line":4,"column":45}}},"fnMap":{},"branchMap":{},"s":{"0":2},"f":{},"b":{},"_coverageSchema":"1a1c01bbd47fc00a2c39e90264f33305004495a9","hash":"0618d8e215417c2338667b5672f7d50720f7689f"}
,"/Users/kevinzhang/Desktop/Course/CapstoneProject/work/RandomChat/src/store/store.ts": {"path":"/Users/kevinzhang/Desktop/Course/CapstoneProject/work/RandomChat/src/store/store.ts","statementMap":{"0":{"start":{"line":13,"column":29},"end":{"line":18,"column":1}},"1":{"start":{"line":14,"column":2},"end":{"line":16,"column":3}},"2":{"start":{"line":15,"column":4},"end":{"line":15,"column":28}},"3":{"start":{"line":17,"column":2},"end":{"line":17,"column":40}},"4":{"start":{"line":20,"column":24},"end":{"line":23,"column":2}},"5":{"start":{"line":25,"column":21},"end":{"line":27,"column":2}}},"fnMap":{"0":{"name":"(anonymous_0)","decl":{"start":{"line":13,"column":29},"end":{"line":13,"column":30}},"loc":{"start":{"line":13,"column":70},"end":{"line":18,"column":1}},"line":13}},"branchMap":{"0":{"loc":{"start":{"line":14,"column":2},"end":{"line":16,"column":3}},"type":"if","locations":[{"start":{"line":14,"column":2},"end":{"line":16,"column":3}},{"start":{},"end":{}}],"line":14}},"s":{"0":2,"1":33,"2":11,"3":33,"4":2,"5":2},"f":{"0":33},"b":{"0":[11,22]},"_coverageSchema":"1a1c01bbd47fc00a2c39e90264f33305004495a9","hash":"1658b70c76a18823ccfe1220b7895c1e989b6082"}
,"/Users/kevinzhang/Desktop/Course/CapstoneProject/work/RandomChat/src/store/chat/chatSlice.ts": {"path":"/Users/kevinzhang/Desktop/Course/CapstoneProject/work/RandomChat/src/store/chat/chatSlice.ts","statementMap":{"0":{"start":{"line":46,"column":32},"end":{"line":51,"column":1}},"1":{"start":{"line":65,"column":38},"end":{"line":79,"column":1}},"2":{"start":{"line":71,"column":21},"end":{"line":75,"column":5}},"3":{"start":{"line":77,"column":4},"end":{"line":77,"column":71}},"4":{"start":{"line":81,"column":25},"end":{"line":209,"column":2}},"5":{"start":{"line":86,"column":6},"end":{"line":86,"column":22}},"6":{"start":{"line":87,"column":6},"end":{"line":87,"column":32}},"7":{"start":{"line":90,"column":58},"end":{"line":90,"column":72}},"8":{"start":{"line":91,"column":20},"end":{"line":91,"column":30}},"9":{"start":{"line":92,"column":25},"end":{"line":96,"column":8}},"10":{"start":{"line":93,"column":8},"end":{"line":95,"column":9}},"11":{"start":{"line":94,"column":10},"end":{"line":94,"column":22}},"12":{"start":{"line":98,"column":6},"end":{"line":111,"column":7}},"13":{"start":{"line":100,"column":8},"end":{"line":100,"column":49}},"14":{"start":{"line":103,"column":35},"end":{"line":109,"column":9}},"15":{"start":{"line":110,"column":8},"end":{"line":110,"column":28}},"16":{"start":{"line":118,"column":35},"end":{"line":118,"column":49}},"17":{"start":{"line":119,"column":20},"end":{"line":119,"column":30}},"18":{"start":{"line":120,"column":25},"end":{"line":120,"column":77}},"19":{"start":{"line":120,"column":44},"end":{"line":120,"column":76}},"20":{"start":{"line":121,"column":6},"end":{"line":132,"column":7}},"21":{"start":{"line":122,"column":30},"end":{"line":126,"column":10}},"22":{"start":{"line":123,"column":10},"end":{"line":125,"column":11}},"23":{"start":{"line":124,"column":12},"end":{"line":124,"column":24}},"24":{"start":{"line":127,"column":8},"end":{"line":129,"column":9}},"25":{"start":{"line":128,"column":10},"end":{"line":128,"column":38}},"26":{"start":{"line":131,"column":8},"end":{"line":131,"column":15}},"27":{"start":{"line":134,"column":6},"end":{"line":138,"column":8}},"28":{"start":{"line":145,"column":63},"end":{"line":145,"column":77}},"29":{"start":{"line":146,"column":20},"end":{"line":146,"column":30}},"30":{"start":{"line":149,"column":25},"end":{"line":149,"column":77}},"31":{"start":{"line":149,"column":44},"end":{"line":149,"column":76}},"32":{"start":{"line":150,"column":6},"end":{"line":152,"column":7}},"33":{"start":{"line":151,"column":8},"end":{"line":151,"column":15}},"34":{"start":{"line":154,"column":33},"end":{"line":160,"column":7}},"35":{"start":{"line":161,"column":6},"end":{"line":161,"column":26}},"36":{"start":{"line":165,"column":4},"end":{"line":207,"column":9}},"37":{"start":{"line":168,"column":8},"end":{"line":168,"column":37}},"38":{"start":{"line":171,"column":8},"end":{"line":171,"column":34}},"39":{"start":{"line":172,"column":8},"end":{"line":172,"column":36}},"40":{"start":{"line":175,"column":8},"end":{"line":175,"column":36}},"41":{"start":{"line":180,"column":8},"end":{"line":180,"column":41}},"42":{"start":{"line":185,"column":8},"end":{"line":185,"column":47}},"43":{"start":{"line":189,"column":21},"end":{"line":189,"column":52}},"44":{"start":{"line":190,"column":28},"end":{"line":190,"column":54}},"45":{"start":{"line":192,"column":8},"end":{"line":194,"column":9}},"46":{"start":{"line":193,"column":10},"end":{"line":193,"column":17}},"47":{"start":{"line":196,"column":27},"end":{"line":198,"column":9}},"48":{"start":{"line":197,"column":18},"end":{"line":197,"column":50}},"49":{"start":{"line":199,"column":8},"end":{"line":201,"column":9}},"50":{"start":{"line":200,"column":10},"end":{"line":200,"column":66}},"51":{"start":{"line":203,"column":8},"end":{"line":203,"column":44}},"52":{"start":{"line":206,"column":8},"end":{"line":206,"column":46}},"53":{"start":{"line":213,"column":26},"end":{"line":213,"column":58}},"54":{"start":{"line":213,"column":48},"end":{"line":213,"column":58}},"55":{"start":{"line":216,"column":2},"end":{"line":216,"column":19}}},"fnMap":{"0":{"name":"(anonymous_0)","decl":{"start":{"line":70,"column":2},"end":{"line":70,"column":3}},"loc":{"start":{"line":70,"column":69},"end":{"line":78,"column":3}},"line":70},"1":{"name":"(anonymous_1)","decl":{"start":{"line":85,"column":11},"end":{"line":85,"column":12}},"loc":{"start":{"line":85,"column":20},"end":{"line":88,"column":5}},"line":85},"2":{"name":"(anonymous_2)","decl":{"start":{"line":89,"column":22},"end":{"line":89,"column":23}},"loc":{"start":{"line":89,"column":77},"end":{"line":112,"column":5}},"line":89},"3":{"name":"(anonymous_3)","decl":{"start":{"line":92,"column":36},"end":{"line":92,"column":37}},"loc":{"start":{"line":92,"column":44},"end":{"line":96,"column":7}},"line":92},"4":{"name":"(anonymous_4)","decl":{"start":{"line":114,"column":25},"end":{"line":114,"column":26}},"loc":{"start":{"line":117,"column":9},"end":{"line":139,"column":5}},"line":117},"5":{"name":"(anonymous_5)","decl":{"start":{"line":120,"column":36},"end":{"line":120,"column":37}},"loc":{"start":{"line":120,"column":44},"end":{"line":120,"column":76}},"line":120},"6":{"name":"(anonymous_6)","decl":{"start":{"line":122,"column":55},"end":{"line":122,"column":56}},"loc":{"start":{"line":122,"column":66},"end":{"line":126,"column":9}},"line":122},"7":{"name":"(anonymous_7)","decl":{"start":{"line":141,"column":23},"end":{"line":141,"column":24}},"loc":{"start":{"line":144,"column":9},"end":{"line":162,"column":5}},"line":144},"8":{"name":"(anonymous_8)","decl":{"start":{"line":149,"column":36},"end":{"line":149,"column":37}},"loc":{"start":{"line":149,"column":44},"end":{"line":149,"column":76}},"line":149},"9":{"name":"(anonymous_9)","decl":{"start":{"line":164,"column":17},"end":{"line":164,"column":18}},"loc":{"start":{"line":164,"column":28},"end":{"line":208,"column":3}},"line":164},"10":{"name":"(anonymous_10)","decl":{"start":{"line":167,"column":38},"end":{"line":167,"column":39}},"loc":{"start":{"line":167,"column":47},"end":{"line":169,"column":7}},"line":167},"11":{"name":"(anonymous_11)","decl":{"start":{"line":170,"column":40},"end":{"line":170,"column":41}},"loc":{"start":{"line":170,"column":59},"end":{"line":173,"column":7}},"line":170},"12":{"name":"(anonymous_12)","decl":{"start":{"line":174,"column":39},"end":{"line":174,"column":40}},"loc":{"start":{"line":174,"column":53},"end":{"line":176,"column":7}},"line":174},"13":{"name":"(anonymous_13)","decl":{"start":{"line":179,"column":47},"end":{"line":179,"column":48}},"loc":{"start":{"line":179,"column":66},"end":{"line":181,"column":7}},"line":179},"14":{"name":"(anonymous_14)","decl":{"start":{"line":184,"column":47},"end":{"line":184,"column":48}},"loc":{"start":{"line":184,"column":56},"end":{"line":186,"column":7}},"line":184},"15":{"name":"(anonymous_15)","decl":{"start":{"line":187,"column":49},"end":{"line":187,"column":50}},"loc":{"start":{"line":187,"column":68},"end":{"line":204,"column":7}},"line":187},"16":{"name":"(anonymous_16)","decl":{"start":{"line":197,"column":10},"end":{"line":197,"column":11}},"loc":{"start":{"line":197,"column":18},"end":{"line":197,"column":50}},"line":197},"17":{"name":"(anonymous_17)","decl":{"start":{"line":205,"column":48},"end":{"line":205,"column":49}},"loc":{"start":{"line":205,"column":62},"end":{"line":207,"column":7}},"line":205},"18":{"name":"(anonymous_18)","decl":{"start":{"line":213,"column":26},"end":{"line":213,"column":27}},"loc":{"start":{"line":213,"column":48},"end":{"line":213,"column":58}},"line":213}},"branchMap":{"0":{"loc":{"start":{"line":93,"column":8},"end":{"line":95,"column":9}},"type":"if","locations":[{"start":{"line":93,"column":8},"end":{"line":95,"column":9}},{"start":{},"end":{}}],"line":93},"1":{"loc":{"start":{"line":93,"column":12},"end":{"line":93,"column":73}},"type":"binary-expr","locations":[{"start":{"line":93,"column":12},"end":{"line":93,"column":39}},{"start":{"line":93,"column":43},"end":{"line":93,"column":73}}],"line":93},"2":{"loc":{"start":{"line":98,"column":6},"end":{"line":111,"column":7}},"type":"if","locations":[{"start":{"line":98,"column":6},"end":{"line":111,"column":7}},{"start":{"line":101,"column":13},"end":{"line":111,"column":7}}],"line":98},"3":{"loc":{"start":{"line":121,"column":6},"end":{"line":132,"column":7}},"type":"if","locations":[{"start":{"line":121,"column":6},"end":{"line":132,"column":7}},{"start":{},"end":{}}],"line":121},"4":{"loc":{"start":{"line":123,"column":10},"end":{"line":125,"column":11}},"type":"if","locations":[{"start":{"line":123,"column":10},"end":{"line":125,"column":11}},{"start":{},"end":{}}],"line":123},"5":{"loc":{"start":{"line":127,"column":8},"end":{"line":129,"column":9}},"type":"if","locations":[{"start":{"line":127,"column":8},"end":{"line":129,"column":9}},{"start":{},"end":{}}],"line":127},"6":{"loc":{"start":{"line":150,"column":6},"end":{"line":152,"column":7}},"type":"if","locations":[{"start":{"line":150,"column":6},"end":{"line":152,"column":7}},{"start":{},"end":{}}],"line":150},"7":{"loc":{"start":{"line":192,"column":8},"end":{"line":194,"column":9}},"type":"if","locations":[{"start":{"line":192,"column":8},"end":{"line":194,"column":9}},{"start":{},"end":{}}],"line":192},"8":{"loc":{"start":{"line":199,"column":8},"end":{"line":201,"column":9}},"type":"if","locations":[{"start":{"line":199,"column":8},"end":{"line":201,"column":9}},{"start":{},"end":{}}],"line":199}},"s":{"0":2,"1":2,"2":0,"3":0,"4":2,"5":0,"6":0,"7":5,"8":5,"9":5,"10":1,"11":1,"12":5,"13":1,"14":4,"15":4,"16":2,"17":2,"18":2,"19":2,"20":2,"21":1,"22":1,"23":1,"24":1,"25":1,"26":1,"27":1,"28":3,"29":3,"30":3,"31":1,"32":3,"33":1,"34":2,"35":2,"36":2,"37":2,"38":2,"39":2,"40":0,"41":1,"42":0,"43":0,"44":0,"45":0,"46":0,"47":0,"48":0,"49":0,"50":0,"51":0,"52":0,"53":2,"54":0,"55":2},"f":{"0":0,"1":0,"2":5,"3":1,"4":2,"5":2,"6":1,"7":3,"8":1,"9":2,"10":2,"11":2,"12":0,"13":1,"14":0,"15":0,"16":0,"17":0,"18":0},"b":{"0":[1,0],"1":[1,1],"2":[1,4],"3":[1,1],"4":[1,0],"5":[1,0],"6":[1,2],"7":[0,0],"8":[0,0]},"_coverageSchema":"1a1c01bbd47fc00a2c39e90264f33305004495a9","hash":"15483e2eb1e545bc893c0ab645b42d676baee0b1"}
,"/Users/kevinzhang/Desktop/Course/CapstoneProject/work/RandomChat/src/store/chat/mock-data/chatHandlers.ts": {"path":"/Users/kevinzhang/Desktop/Course/CapstoneProject/work/RandomChat/src/store/chat/mock-data/chatHandlers.ts","statementMap":{"0":{"start":{"line":9,"column":25},"end":{"line":28,"column":2}},"1":{"start":{"line":29,"column":17},"end":{"line":36,"column":1}},"2":{"start":{"line":33,"column":6},"end":{"line":33,"column":62}},"3":{"start":{"line":38,"column":33},"end":{"line":40,"column":1}},"4":{"start":{"line":39,"column":2},"end":{"line":39,"column":26}}},"fnMap":{"0":{"name":"(anonymous_0)","decl":{"start":{"line":32,"column":4},"end":{"line":32,"column":5}},"loc":{"start":{"line":32,"column":29},"end":{"line":34,"column":5}},"line":32},"1":{"name":"(anonymous_1)","decl":{"start":{"line":38,"column":33},"end":{"line":38,"column":34}},"loc":{"start":{"line":38,"column":39},"end":{"line":40,"column":1}},"line":38}},"branchMap":{},"s":{"0":1,"1":1,"2":2,"3":1,"4":9},"f":{"0":2,"1":9},"b":{},"_coverageSchema":"1a1c01bbd47fc00a2c39e90264f33305004495a9","hash":"a1c90946fce298fd82333ba1dc367819d01b453d"}
,"/Users/kevinzhang/Desktop/Course/CapstoneProject/work/RandomChat/src/store/chat/thunks/getChatsAsyncThunk.ts": {"path":"/Users/kevinzhang/Desktop/Course/CapstoneProject/work/RandomChat/src/store/chat/thunks/getChatsAsyncThunk.ts","statementMap":{"0":{"start":{"line":10,"column":29},"end":{"line":32,"column":1}},"1":{"start":{"line":13,"column":21},"end":{"line":13,"column":59}},"2":{"start":{"line":14,"column":4},"end":{"line":16,"column":5}},"3":{"start":{"line":15,"column":6},"end":{"line":15,"column":16}},"4":{"start":{"line":18,"column":4},"end":{"line":23,"column":7}},"5":{"start":{"line":19,"column":6},"end":{"line":22,"column":7}},"6":{"start":{"line":20,"column":8},"end":{"line":21,"column":102}},"7":{"start":{"line":26,"column":25},"end":{"line":26,"column":38}},"8":{"start":{"line":27,"column":35},"end":{"line":27,"column":66}},"9":{"start":{"line":28,"column":4},"end":{"line":28,"column":45}},"10":{"start":{"line":30,"column":4},"end":{"line":30,"column":25}},"11":{"start":{"line":39,"column":2},"end":{"line":58,"column":5}},"12":{"start":{"line":40,"column":23},"end":{"line":42,"column":5}},"13":{"start":{"line":41,"column":14},"end":{"line":41,"column":50}},"14":{"start":{"line":44,"column":4},"end":{"line":57,"column":5}},"15":{"start":{"line":45,"column":6},"end":{"line":56,"column":7}},"16":{"start":{"line":49,"column":8},"end":{"line":49,"column":66}},"17":{"start":{"line":50,"column":8},"end":{"line":55,"column":10}}},"fnMap":{"0":{"name":"(anonymous_0)","decl":{"start":{"line":12,"column":2},"end":{"line":12,"column":3}},"loc":{"start":{"line":12,"column":14},"end":{"line":31,"column":3}},"line":12},"1":{"name":"(anonymous_1)","decl":{"start":{"line":18,"column":26},"end":{"line":18,"column":27}},"loc":{"start":{"line":18,"column":47},"end":{"line":23,"column":5}},"line":18},"2":{"name":"updateReadRooms","decl":{"start":{"line":34,"column":16},"end":{"line":34,"column":31}},"loc":{"start":{"line":37,"column":2},"end":{"line":59,"column":1}},"line":37},"3":{"name":"(anonymous_3)","decl":{"start":{"line":39,"column":21},"end":{"line":39,"column":22}},"loc":{"start":{"line":39,"column":33},"end":{"line":58,"column":3}},"line":39},"4":{"name":"(anonymous_4)","decl":{"start":{"line":41,"column":6},"end":{"line":41,"column":7}},"loc":{"start":{"line":41,"column":14},"end":{"line":41,"column":50}},"line":41}},"branchMap":{"0":{"loc":{"start":{"line":14,"column":4},"end":{"line":16,"column":5}},"type":"if","locations":[{"start":{"line":14,"column":4},"end":{"line":16,"column":5}},{"start":{},"end":{}}],"line":14},"1":{"loc":{"start":{"line":19,"column":6},"end":{"line":22,"column":7}},"type":"if","locations":[{"start":{"line":19,"column":6},"end":{"line":22,"column":7}},{"start":{},"end":{}}],"line":19},"2":{"loc":{"start":{"line":19,"column":10},"end":{"line":19,"column":68}},"type":"binary-expr","locations":[{"start":{"line":19,"column":10},"end":{"line":19,"column":34}},{"start":{"line":19,"column":38},"end":{"line":19,"column":68}}],"line":19},"3":{"loc":{"start":{"line":44,"column":4},"end":{"line":57,"column":5}},"type":"if","locations":[{"start":{"line":44,"column":4},"end":{"line":57,"column":5}},{"start":{},"end":{}}],"line":44},"4":{"loc":{"start":{"line":44,"column":8},"end":{"line":44,"column":52}},"type":"binary-expr","locations":[{"start":{"line":44,"column":8},"end":{"line":44,"column":18}},{"start":{"line":44,"column":22},"end":{"line":44,"column":52}}],"line":44},"5":{"loc":{"start":{"line":45,"column":6},"end":{"line":56,"column":7}},"type":"if","locations":[{"start":{"line":45,"column":6},"end":{"line":56,"column":7}},{"start":{},"end":{}}],"line":45}},"s":{"0":2,"1":2,"2":2,"3":0,"4":2,"5":4,"6":2,"7":2,"8":2,"9":2,"10":2,"11":3,"12":2,"13":3,"14":2,"15":2,"16":1,"17":1},"f":{"0":2,"1":4,"2":3,"3":2,"4":3},"b":{"0":[0,2],"1":[2,2],"2":[4,2],"3":[2,0],"4":[2,2],"5":[1,1]},"_coverageSchema":"1a1c01bbd47fc00a2c39e90264f33305004495a9","hash":"556689582401592ba7dfce46f9e2a65299b649ce"}
,"/Users/kevinzhang/Desktop/Course/CapstoneProject/work/RandomChat/src/store/chat/thunks/operateReadRoomAsyncThunk.ts": {"path":"/Users/kevinzhang/Desktop/Course/CapstoneProject/work/RandomChat/src/store/chat/thunks/operateReadRoomAsyncThunk.ts","statementMap":{"0":{"start":{"line":7,"column":36},"end":{"line":81,"column":2}},"1":{"start":{"line":11,"column":20},"end":{"line":11,"column":56}},"2":{"start":{"line":12,"column":19},"end":{"line":12,"column":45}},"3":{"start":{"line":14,"column":2},"end":{"line":76,"column":3}},"4":{"start":{"line":16,"column":34},"end":{"line":18,"column":7}},"5":{"start":{"line":19,"column":6},"end":{"line":19,"column":41}},"6":{"start":{"line":21,"column":6},"end":{"line":25,"column":7}},"7":{"start":{"line":22,"column":8},"end":{"line":22,"column":73}},"8":{"start":{"line":24,"column":8},"end":{"line":24,"column":25}},"9":{"start":{"line":27,"column":18},"end":{"line":27,"column":20}},"10":{"start":{"line":28,"column":6},"end":{"line":45,"column":7}},"11":{"start":{"line":29,"column":27},"end":{"line":31,"column":9}},"12":{"start":{"line":30,"column":18},"end":{"line":30,"column":53}},"13":{"start":{"line":33,"column":8},"end":{"line":39,"column":9}},"14":{"start":{"line":34,"column":10},"end":{"line":36,"column":12}},"15":{"start":{"line":38,"column":10},"end":{"line":38,"column":27}},"16":{"start":{"line":41,"column":8},"end":{"line":44,"column":9}},"17":{"start":{"line":42,"column":10},"end":{"line":42,"column":73}},"18":{"start":{"line":43,"column":10},"end":{"line":43,"column":32}},"19":{"start":{"line":49,"column":29},"end":{"line":51,"column":7}},"20":{"start":{"line":50,"column":16},"end":{"line":50,"column":46}},"21":{"start":{"line":52,"column":6},"end":{"line":56,"column":7}},"22":{"start":{"line":53,"column":8},"end":{"line":53,"column":45}},"23":{"start":{"line":55,"column":8},"end":{"line":55,"column":32}},"24":{"start":{"line":58,"column":6},"end":{"line":58,"column":12}},"25":{"start":{"line":60,"column":6},"end":{"line":64,"column":7}},"26":{"start":{"line":61,"column":8},"end":{"line":61,"column":73}},"27":{"start":{"line":63,"column":8},"end":{"line":63,"column":25}},"28":{"start":{"line":66,"column":26},"end":{"line":68,"column":7}},"29":{"start":{"line":67,"column":16},"end":{"line":67,"column":46}},"30":{"start":{"line":69,"column":6},"end":{"line":71,"column":7}},"31":{"start":{"line":70,"column":8},"end":{"line":70,"column":41}},"32":{"start":{"line":73,"column":6},"end":{"line":73,"column":12}},"33":{"start":{"line":75,"column":6},"end":{"line":75,"column":12}},"34":{"start":{"line":79,"column":2},"end":{"line":79,"column":59}},"35":{"start":{"line":80,"column":2},"end":{"line":80,"column":19}}},"fnMap":{"0":{"name":"(anonymous_0)","decl":{"start":{"line":10,"column":32},"end":{"line":10,"column":33}},"loc":{"start":{"line":10,"column":61},"end":{"line":81,"column":1}},"line":10},"1":{"name":"(anonymous_1)","decl":{"start":{"line":30,"column":10},"end":{"line":30,"column":11}},"loc":{"start":{"line":30,"column":18},"end":{"line":30,"column":53}},"line":30},"2":{"name":"(anonymous_2)","decl":{"start":{"line":50,"column":8},"end":{"line":50,"column":9}},"loc":{"start":{"line":50,"column":16},"end":{"line":50,"column":46}},"line":50},"3":{"name":"(anonymous_3)","decl":{"start":{"line":67,"column":8},"end":{"line":67,"column":9}},"loc":{"start":{"line":67,"column":16},"end":{"line":67,"column":46}},"line":67}},"branchMap":{"0":{"loc":{"start":{"line":14,"column":2},"end":{"line":76,"column":3}},"type":"switch","locations":[{"start":{"line":15,"column":4},"end":{"line":19,"column":41}},{"start":{"line":20,"column":4},"end":{"line":58,"column":12}},{"start":{"line":59,"column":4},"end":{"line":73,"column":12}},{"start":{"line":74,"column":4},"end":{"line":75,"column":12}}],"line":14},"1":{"loc":{"start":{"line":19,"column":13},"end":{"line":19,"column":40}},"type":"binary-expr","locations":[{"start":{"line":19,"column":13},"end":{"line":19,"column":34}},{"start":{"line":19,"column":38},"end":{"line":19,"column":40}}],"line":19},"2":{"loc":{"start":{"line":21,"column":6},"end":{"line":25,"column":7}},"type":"if","locations":[{"start":{"line":21,"column":6},"end":{"line":25,"column":7}},{"start":{},"end":{}}],"line":21},"3":{"loc":{"start":{"line":28,"column":6},"end":{"line":45,"column":7}},"type":"if","locations":[{"start":{"line":28,"column":6},"end":{"line":45,"column":7}},{"start":{},"end":{}}],"line":28},"4":{"loc":{"start":{"line":33,"column":8},"end":{"line":39,"column":9}},"type":"if","locations":[{"start":{"line":33,"column":8},"end":{"line":39,"column":9}},{"start":{},"end":{}}],"line":33},"5":{"loc":{"start":{"line":41,"column":8},"end":{"line":44,"column":9}},"type":"if","locations":[{"start":{"line":41,"column":8},"end":{"line":44,"column":9}},{"start":{},"end":{}}],"line":41},"6":{"loc":{"start":{"line":52,"column":6},"end":{"line":56,"column":7}},"type":"if","locations":[{"start":{"line":52,"column":6},"end":{"line":56,"column":7}},{"start":{"line":54,"column":13},"end":{"line":56,"column":7}}],"line":52},"7":{"loc":{"start":{"line":60,"column":6},"end":{"line":64,"column":7}},"type":"if","locations":[{"start":{"line":60,"column":6},"end":{"line":64,"column":7}},{"start":{},"end":{}}],"line":60},"8":{"loc":{"start":{"line":69,"column":6},"end":{"line":71,"column":7}},"type":"if","locations":[{"start":{"line":69,"column":6},"end":{"line":71,"column":7}},{"start":{},"end":{}}],"line":69}},"s":{"0":2,"1":1,"2":1,"3":1,"4":0,"5":0,"6":0,"7":0,"8":0,"9":0,"10":0,"11":0,"12":0,"13":0,"14":0,"15":0,"16":0,"17":0,"18":0,"19":0,"20":0,"21":0,"22":0,"23":0,"24":0,"25":1,"26":0,"27":0,"28":1,"29":0,"30":1,"31":0,"32":1,"33":0,"34":1,"35":1},"f":{"0":1,"1":0,"2":0,"3":0},"b":{"0":[0,0,1,0],"1":[0,0],"2":[0,0],"3":[0,0],"4":[0,0],"5":[0,0],"6":[0,0],"7":[0,1],"8":[0,1]},"_coverageSchema":"1a1c01bbd47fc00a2c39e90264f33305004495a9","hash":"c7f2daed143d003b15a8a2baa18ea8ee212b3835"}
,"/Users/kevinzhang/Desktop/Course/CapstoneProject/work/RandomChat/src/store/user/thunks.ts": {"path":"/Users/kevinzhang/Desktop/Course/CapstoneProject/work/RandomChat/src/store/user/thunks.ts","statementMap":{"0":{"start":{"line":5,"column":38},"end":{"line":12,"column":1}},"1":{"start":{"line":8,"column":15},"end":{"line":8,"column":52}},"2":{"start":{"line":10,"column":4},"end":{"line":10,"column":21}},"3":{"start":{"line":14,"column":33},"end":{"line":25,"column":1}},"4":{"start":{"line":17,"column":21},"end":{"line":17,"column":58}},"5":{"start":{"line":18,"column":27},"end":{"line":18,"column":29}},"6":{"start":{"line":19,"column":4},"end":{"line":21,"column":7}},"7":{"start":{"line":20,"column":6},"end":{"line":20,"column":36}},"8":{"start":{"line":23,"column":4},"end":{"line":23,"column":15}},"9":{"start":{"line":27,"column":31},"end":{"line":39,"column":1}},"10":{"start":{"line":30,"column":21},"end":{"line":30,"column":55}},"11":{"start":{"line":31,"column":17},"end":{"line":31,"column":30}},"12":{"start":{"line":32,"column":4},"end":{"line":35,"column":5}},"13":{"start":{"line":33,"column":6},"end":{"line":34,"column":100}},"14":{"start":{"line":37,"column":4},"end":{"line":37,"column":25}}},"fnMap":{"0":{"name":"(anonymous_0)","decl":{"start":{"line":7,"column":2},"end":{"line":7,"column":3}},"loc":{"start":{"line":7,"column":14},"end":{"line":11,"column":3}},"line":7},"1":{"name":"(anonymous_1)","decl":{"start":{"line":16,"column":2},"end":{"line":16,"column":3}},"loc":{"start":{"line":16,"column":14},"end":{"line":24,"column":3}},"line":16},"2":{"name":"(anonymous_2)","decl":{"start":{"line":19,"column":26},"end":{"line":19,"column":27}},"loc":{"start":{"line":19,"column":34},"end":{"line":21,"column":5}},"line":19},"3":{"name":"(anonymous_3)","decl":{"start":{"line":29,"column":2},"end":{"line":29,"column":3}},"loc":{"start":{"line":29,"column":14},"end":{"line":38,"column":3}},"line":29}},"branchMap":{"0":{"loc":{"start":{"line":32,"column":4},"end":{"line":35,"column":5}},"type":"if","locations":[{"start":{"line":32,"column":4},"end":{"line":35,"column":5}},{"start":{},"end":{}}],"line":32},"1":{"loc":{"start":{"line":32,"column":8},"end":{"line":32,"column":50}},"type":"binary-expr","locations":[{"start":{"line":32,"column":8},"end":{"line":32,"column":24}},{"start":{"line":32,"column":28},"end":{"line":32,"column":50}}],"line":32}},"s":{"0":2,"1":0,"2":0,"3":2,"4":1,"5":1,"6":1,"7":2,"8":1,"9":2,"10":1,"11":1,"12":1,"13":1,"14":1},"f":{"0":0,"1":1,"2":2,"3":1},"b":{"0":[1,0],"1":[1,0]},"_coverageSchema":"1a1c01bbd47fc00a2c39e90264f33305004495a9","hash":"717ab4d31f8de741250bada9124fd8bca99dcc06"}
,"/Users/kevinzhang/Desktop/Course/CapstoneProject/work/RandomChat/src/store/user/userSlice.ts": {"path":"/Users/kevinzhang/Desktop/Course/CapstoneProject/work/RandomChat/src/store/user/userSlice.ts","statementMap":{"0":{"start":{"line":18,"column":32},"end":{"line":24,"column":1}},"1":{"start":{"line":26,"column":25},"end":{"line":56,"column":2}},"2":{"start":{"line":31,"column":6},"end":{"line":31,"column":34}},"3":{"start":{"line":34,"column":6},"end":{"line":34,"column":35}},"4":{"start":{"line":38,"column":4},"end":{"line":54,"column":9}},"5":{"start":{"line":40,"column":8},"end":{"line":40,"column":33}},"6":{"start":{"line":43,"column":8},"end":{"line":43,"column":36}},"7":{"start":{"line":44,"column":8},"end":{"line":44,"column":30}},"8":{"start":{"line":47,"column":8},"end":{"line":47,"column":32}},"9":{"start":{"line":50,"column":8},"end":{"line":50,"column":41}},"10":{"start":{"line":53,"column":8},"end":{"line":53,"column":46}},"11":{"start":{"line":58,"column":26},"end":{"line":58,"column":58}},"12":{"start":{"line":58,"column":48},"end":{"line":58,"column":58}},"13":{"start":{"line":59,"column":42},"end":{"line":59,"column":59}}},"fnMap":{"0":{"name":"(anonymous_0)","decl":{"start":{"line":30,"column":20},"end":{"line":30,"column":21}},"loc":{"start":{"line":30,"column":61},"end":{"line":32,"column":5}},"line":30},"1":{"name":"(anonymous_1)","decl":{"start":{"line":33,"column":14},"end":{"line":33,"column":15}},"loc":{"start":{"line":33,"column":56},"end":{"line":35,"column":5}},"line":33},"2":{"name":"(anonymous_2)","decl":{"start":{"line":37,"column":17},"end":{"line":37,"column":18}},"loc":{"start":{"line":37,"column":28},"end":{"line":55,"column":3}},"line":37},"3":{"name":"(anonymous_3)","decl":{"start":{"line":39,"column":40},"end":{"line":39,"column":41}},"loc":{"start":{"line":39,"column":49},"end":{"line":41,"column":7}},"line":39},"4":{"name":"(anonymous_4)","decl":{"start":{"line":42,"column":42},"end":{"line":42,"column":43}},"loc":{"start":{"line":42,"column":61},"end":{"line":45,"column":7}},"line":42},"5":{"name":"(anonymous_5)","decl":{"start":{"line":46,"column":41},"end":{"line":46,"column":42}},"loc":{"start":{"line":46,"column":55},"end":{"line":48,"column":7}},"line":46},"6":{"name":"(anonymous_6)","decl":{"start":{"line":49,"column":44},"end":{"line":49,"column":45}},"loc":{"start":{"line":49,"column":63},"end":{"line":51,"column":7}},"line":49},"7":{"name":"(anonymous_7)","decl":{"start":{"line":52,"column":49},"end":{"line":52,"column":50}},"loc":{"start":{"line":52,"column":68},"end":{"line":54,"column":7}},"line":52},"8":{"name":"(anonymous_8)","decl":{"start":{"line":58,"column":26},"end":{"line":58,"column":27}},"loc":{"start":{"line":58,"column":48},"end":{"line":58,"column":58}},"line":58}},"branchMap":{},"s":{"0":2,"1":2,"2":0,"3":0,"4":2,"5":1,"6":1,"7":1,"8":0,"9":1,"10":0,"11":2,"12":0,"13":2},"f":{"0":0,"1":0,"2":2,"3":1,"4":1,"5":0,"6":1,"7":0,"8":0},"b":{},"_coverageSchema":"1a1c01bbd47fc00a2c39e90264f33305004495a9","hash":"f04b8875761f526cbd6c8ed29c9320441cbfc2ef"}
,"/Users/kevinzhang/Desktop/Course/CapstoneProject/work/RandomChat/src/store/user/mock-data/scoreHandlers.ts": {"path":"/Users/kevinzhang/Desktop/Course/CapstoneProject/work/RandomChat/src/store/user/mock-data/scoreHandlers.ts","statementMap":{"0":{"start":{"line":7,"column":17},"end":{"line":19,"column":1}},"1":{"start":{"line":9,"column":4},"end":{"line":17,"column":6}},"2":{"start":{"line":21,"column":34},"end":{"line":23,"column":1}},"3":{"start":{"line":22,"column":2},"end":{"line":22,"column":26}}},"fnMap":{"0":{"name":"(anonymous_0)","decl":{"start":{"line":8,"column":49},"end":{"line":8,"column":50}},"loc":{"start":{"line":8,"column":74},"end":{"line":18,"column":3}},"line":8},"1":{"name":"(anonymous_1)","decl":{"start":{"line":21,"column":34},"end":{"line":21,"column":35}},"loc":{"start":{"line":21,"column":40},"end":{"line":23,"column":1}},"line":21}},"branchMap":{},"s":{"0":1,"1":1,"2":1,"3":1},"f":{"0":1,"1":1},"b":{},"_coverageSchema":"1a1c01bbd47fc00a2c39e90264f33305004495a9","hash":"238dcbfc4a4f1b1845e662bcd2c961900d76b08f"}
,"/Users/kevinzhang/Desktop/Course/CapstoneProject/work/RandomChat/src/store/user/mock-data/userProfileHandlers.ts": {"path":"/Users/kevinzhang/Desktop/Course/CapstoneProject/work/RandomChat/src/store/user/mock-data/userProfileHandlers.ts","statementMap":{"0":{"start":{"line":7,"column":17},"end":{"line":14,"column":1}},"1":{"start":{"line":9,"column":4},"end":{"line":12,"column":6}},"2":{"start":{"line":16,"column":40},"end":{"line":18,"column":1}},"3":{"start":{"line":17,"column":2},"end":{"line":17,"column":26}}},"fnMap":{"0":{"name":"(anonymous_0)","decl":{"start":{"line":8,"column":52},"end":{"line":8,"column":53}},"loc":{"start":{"line":8,"column":77},"end":{"line":13,"column":3}},"line":8},"1":{"name":"(anonymous_1)","decl":{"start":{"line":16,"column":40},"end":{"line":16,"column":41}},"loc":{"start":{"line":16,"column":46},"end":{"line":18,"column":1}},"line":16}},"branchMap":{},"s":{"0":1,"1":1,"2":1,"3":1},"f":{"0":1,"1":1},"b":{},"_coverageSchema":"1a1c01bbd47fc00a2c39e90264f33305004495a9","hash":"f61304475c59ae7f929ecc92e1352c40b4907b2d"}
,"/Users/kevinzhang/Desktop/Course/CapstoneProject/work/RandomChat/src/types/network/types.tsx": {"path":"/Users/kevinzhang/Desktop/Course/CapstoneProject/work/RandomChat/src/types/network/types.tsx","statementMap":{},"fnMap":{},"branchMap":{},"s":{},"f":{},"b":{}}
,"/Users/kevinzhang/Desktop/Course/CapstoneProject/work/RandomChat/src/utils/initConfig.ts": {"path":"/Users/kevinzhang/Desktop/Course/CapstoneProject/work/RandomChat/src/utils/initConfig.ts","statementMap":{"0":{"start":{"line":16,"column":16},"end":{"line":28,"column":1}},"1":{"start":{"line":17,"column":15},"end":{"line":17,"column":76}},"2":{"start":{"line":19,"column":2},"end":{"line":25,"column":3}},"3":{"start":{"line":20,"column":19},"end":{"line":20,"column":68}},"4":{"start":{"line":21,"column":4},"end":{"line":21,"column":25}},"5":{"start":{"line":22,"column":4},"end":{"line":22,"column":16}},"6":{"start":{"line":24,"column":4},"end":{"line":24,"column":34}},"7":{"start":{"line":27,"column":2},"end":{"line":27,"column":14}},"8":{"start":{"line":30,"column":35},"end":{"line":51,"column":1}},"9":{"start":{"line":31,"column":15},"end":{"line":31,"column":30}},"10":{"start":{"line":32,"column":24},"end":{"line":32,"column":28}},"11":{"start":{"line":34,"column":2},"end":{"line":34,"column":35}},"12":{"start":{"line":36,"column":2},"end":{"line":36,"column":53}},"13":{"start":{"line":37,"column":2},"end":{"line":37,"column":34}},"14":{"start":{"line":40,"column":18},"end":{"line":46,"column":4}},"15":{"start":{"line":48,"column":2},"end":{"line":48,"column":67}},"16":{"start":{"line":50,"column":2},"end":{"line":50,"column":16}}},"fnMap":{"0":{"name":"(anonymous_0)","decl":{"start":{"line":16,"column":16},"end":{"line":16,"column":17}},"loc":{"start":{"line":16,"column":28},"end":{"line":28,"column":1}},"line":16},"1":{"name":"(anonymous_1)","decl":{"start":{"line":30,"column":35},"end":{"line":30,"column":36}},"loc":{"start":{"line":30,"column":47},"end":{"line":51,"column":1}},"line":30}},"branchMap":{"0":{"loc":{"start":{"line":19,"column":2},"end":{"line":25,"column":3}},"type":"if","locations":[{"start":{"line":19,"column":2},"end":{"line":25,"column":3}},{"start":{},"end":{}}],"line":19},"1":{"loc":{"start":{"line":19,"column":6},"end":{"line":19,"column":44}},"type":"binary-expr","locations":[{"start":{"line":19,"column":6},"end":{"line":19,"column":11}},{"start":{"line":19,"column":15},"end":{"line":19,"column":29}},{"start":{"line":19,"column":33},"end":{"line":19,"column":44}}],"line":19}},"s":{"0":0,"1":0,"2":0,"3":0,"4":0,"5":0,"6":0,"7":0,"8":0,"9":0,"10":0,"11":0,"12":0,"13":0,"14":0,"15":0,"16":0},"f":{"0":0,"1":0},"b":{"0":[0,0],"1":[0,0,0]}}
}
