TN:
SF:src/hooks/useChatWebSocket.ts
FN:22,(anonymous_0)
FN:29,(anonymous_1)
FN:38,(anonymous_2)
FN:42,(anonymous_3)
FN:48,(anonymous_4)
FN:61,(anonymous_5)
FN:88,(anonymous_6)
FN:94,(anonymous_7)
FNF:8
FNH:0
FNDA:0,(anonymous_0)
FNDA:0,(anonymous_1)
FNDA:0,(anonymous_2)
FNDA:0,(anonymous_3)
FNDA:0,(anonymous_4)
FNDA:0,(anonymous_5)
FNDA:0,(anonymous_6)
FNDA:0,(anonymous_7)
DA:22,0
DA:23,0
DA:26,0
DA:29,0
DA:30,0
DA:31,0
DA:33,0
DA:34,0
DA:35,0
DA:38,0
DA:39,0
DA:42,0
DA:43,0
DA:48,0
DA:49,0
DA:52,0
DA:53,0
DA:55,0
DA:58,0
DA:61,0
DA:62,0
DA:63,0
DA:75,0
DA:78,0
DA:90,0
DA:94,0
DA:98,0
DA:99,0
DA:101,0
DA:102,0
DA:103,0
DA:104,0
DA:107,0
DA:108,0
DA:110,0
DA:111,0
DA:113,0
DA:115,0
LF:38
LH:0
BRDA:33,0,0,0
BRDA:33,0,1,0
BRDA:52,1,0,0
BRDA:52,1,1,0
BRDA:101,2,0,0
BRDA:101,2,1,0
BRDA:110,3,0,0
BRDA:110,3,1,0
BRF:8
BRH:0
end_of_record
TN:
SF:src/screens/Chats.tsx
FN:16,(anonymous_0)
FN:18,(anonymous_1)
FN:23,(anonymous_2)
FN:27,(anonymous_3)
FN:33,(anonymous_4)
FN:48,(anonymous_5)
FN:49,(anonymous_6)
FN:64,(anonymous_7)
FNF:8
FNH:0
FNDA:0,(anonymous_0)
FNDA:0,(anonymous_1)
FNDA:0,(anonymous_2)
FNDA:0,(anonymous_3)
FNDA:0,(anonymous_4)
FNDA:0,(anonymous_5)
FNDA:0,(anonymous_6)
FNDA:0,(anonymous_7)
DA:16,0
DA:17,0
DA:18,0
DA:19,0
DA:21,0
DA:23,0
DA:24,0
DA:27,0
DA:28,0
DA:29,0
DA:31,0
DA:33,0
DA:34,0
DA:35,0
DA:39,0
DA:48,0
DA:49,0
DA:64,0
DA:66,0
DA:68,0
DA:79,0
LF:21
LH:0
BRDA:41,0,0,0
BRDA:41,0,1,0
BRDA:45,1,0,0
BRDA:45,1,1,0
BRDA:45,2,0,0
BRDA:45,2,1,0
BRF:6
BRH:0
end_of_record
TN:
SF:src/screens/chat-room/ChatRoom.tsx
FN:44,(anonymous_0)
FN:52,(anonymous_1)
FN:71,(anonymous_2)
FN:72,(anonymous_3)
FN:84,(anonymous_4)
FN:86,(anonymous_5)
FN:96,(anonymous_6)
FN:100,(anonymous_7)
FN:108,(anonymous_8)
FN:116,(anonymous_9)
FN:119,(anonymous_10)
FN:122,(anonymous_11)
FN:139,(anonymous_12)
FN:143,(anonymous_13)
FN:152,(anonymous_14)
FN:160,(anonymous_15)
FN:226,(anonymous_16)
FN:243,(anonymous_17)
FN:256,(anonymous_18)
FN:268,(anonymous_19)
FN:276,(anonymous_20)
FNF:21
FNH:0
FNDA:0,(anonymous_0)
FNDA:0,(anonymous_1)
FNDA:0,(anonymous_2)
FNDA:0,(anonymous_3)
FNDA:0,(anonymous_4)
FNDA:0,(anonymous_5)
FNDA:0,(anonymous_6)
FNDA:0,(anonymous_7)
FNDA:0,(anonymous_8)
FNDA:0,(anonymous_9)
FNDA:0,(anonymous_10)
FNDA:0,(anonymous_11)
FNDA:0,(anonymous_12)
FNDA:0,(anonymous_13)
FNDA:0,(anonymous_14)
FNDA:0,(anonymous_15)
FNDA:0,(anonymous_16)
FNDA:0,(anonymous_17)
FNDA:0,(anonymous_18)
FNDA:0,(anonymous_19)
FNDA:0,(anonymous_20)
DA:44,0
DA:45,0
DA:46,0
DA:49,0
DA:50,0
DA:52,0
DA:57,0
DA:58,0
DA:63,0
DA:64,0
DA:65,0
DA:66,0
DA:71,0
DA:72,0
DA:73,0
DA:75,0
DA:76,0
DA:79,0
DA:82,0
DA:84,0
DA:86,0
DA:88,0
DA:89,0
DA:91,0
DA:93,0
DA:96,0
DA:97,0
DA:100,0
DA:101,0
DA:103,0
DA:105,0
DA:106,0
DA:108,0
DA:109,0
DA:110,0
DA:111,0
DA:116,0
DA:117,0
DA:119,0
DA:122,0
DA:124,0
DA:125,0
DA:128,0
DA:136,0
DA:139,0
DA:140,0
DA:143,0
DA:144,0
DA:145,0
DA:152,0
DA:153,0
DA:154,0
DA:155,0
DA:157,0
DA:160,0
DA:164,0
DA:165,0
DA:166,0
DA:167,0
DA:168,0
DA:172,0
DA:173,0
DA:181,0
DA:191,0
DA:193,0
DA:194,0
DA:205,0
DA:227,0
DA:243,0
DA:256,0
DA:268,0
DA:276,0
DA:284,0
LF:73
LH:0
BRDA:65,0,0,0
BRDA:65,0,1,0
BRDA:66,1,0,0
BRDA:66,1,1,0
BRDA:73,2,0,0
BRDA:73,2,1,0
BRDA:75,3,0,0
BRDA:75,3,1,0
BRDA:84,4,0,0
BRDA:84,4,1,0
BRDA:88,5,0,0
BRDA:88,5,1,0
BRDA:124,6,0,0
BRDA:124,6,1,0
BRDA:124,7,0,0
BRDA:124,7,1,0
BRDA:139,8,0,0
BRDA:153,9,0,0
BRDA:153,9,1,0
BRDA:165,10,0,0
BRDA:165,10,1,0
BRDA:165,11,0,0
BRDA:165,11,1,0
BRDA:212,12,0,0
BRDA:212,12,1,0
BRDA:212,13,0,0
BRDA:212,13,1,0
BRDA:217,14,0,0
BRDA:217,14,1,0
BRDA:258,15,0,0
BRDA:258,15,1,0
BRF:31
BRH:0
end_of_record
TN:
SF:src/screens/chat-room/ChatRoomWithoutPagination.tsx
FN:28,(anonymous_0)
FN:36,(anonymous_1)
FN:37,(anonymous_2)
FN:55,(anonymous_3)
FN:57,(anonymous_4)
FN:62,(anonymous_5)
FN:66,(anonymous_6)
FN:74,(anonymous_7)
FN:81,(anonymous_8)
FN:85,(anonymous_9)
FN:94,(anonymous_10)
FN:102,(anonymous_11)
FN:149,(anonymous_12)
FN:165,(anonymous_13)
FN:176,(anonymous_14)
FN:184,(anonymous_15)
FN:191,(anonymous_16)
FNF:17
FNH:0
FNDA:0,(anonymous_0)
FNDA:0,(anonymous_1)
FNDA:0,(anonymous_2)
FNDA:0,(anonymous_3)
FNDA:0,(anonymous_4)
FNDA:0,(anonymous_5)
FNDA:0,(anonymous_6)
FNDA:0,(anonymous_7)
FNDA:0,(anonymous_8)
FNDA:0,(anonymous_9)
FNDA:0,(anonymous_10)
FNDA:0,(anonymous_11)
FNDA:0,(anonymous_12)
FNDA:0,(anonymous_13)
FNDA:0,(anonymous_14)
FNDA:0,(anonymous_15)
FNDA:0,(anonymous_16)
DA:28,0
DA:29,0
DA:30,0
DA:33,0
DA:34,0
DA:36,0
DA:37,0
DA:38,0
DA:41,0
DA:42,0
DA:45,0
DA:47,0
DA:48,0
DA:49,0
DA:50,0
DA:53,0
DA:55,0
DA:57,0
DA:59,0
DA:62,0
DA:63,0
DA:66,0
DA:67,0
DA:68,0
DA:69,0
DA:71,0
DA:72,0
DA:74,0
DA:75,0
DA:76,0
DA:77,0
DA:81,0
DA:82,0
DA:85,0
DA:86,0
DA:87,0
DA:94,0
DA:95,0
DA:96,0
DA:97,0
DA:99,0
DA:102,0
DA:103,0
DA:104,0
DA:105,0
DA:106,0
DA:107,0
DA:111,0
DA:119,0
DA:129,0
DA:130,0
DA:133,0
DA:150,0
DA:165,0
DA:176,0
DA:184,0
DA:191,0
DA:199,0
LF:58
LH:0
BRDA:38,0,0,0
BRDA:38,0,1,0
BRDA:41,1,0,0
BRDA:41,1,1,0
BRDA:49,2,0,0
BRDA:49,2,1,0
BRDA:50,3,0,0
BRDA:50,3,1,0
BRDA:55,4,0,0
BRDA:55,4,1,0
BRDA:95,5,0,0
BRDA:95,5,1,0
BRDA:104,6,0,0
BRDA:104,6,1,0
BRDA:104,7,0,0
BRDA:104,7,1,0
BRDA:140,8,0,0
BRDA:140,8,1,0
BRDA:140,9,0,0
BRDA:140,9,1,0
BRF:20
BRH:0
end_of_record
TN:
SF:src/screens/chat-room/chatUtil.tsx
FN:4,(anonymous_0)
FN:26,(anonymous_1)
FNF:2
FNH:1
FNDA:0,(anonymous_0)
FNDA:5,(anonymous_1)
DA:4,1
DA:12,0
DA:23,0
DA:26,1
DA:37,5
DA:50,5
LF:6
LH:4
BRDA:10,0,0,0
BRDA:33,1,0,5
BRDA:34,2,0,5
BRDA:35,3,0,5
BRF:4
BRH:3
end_of_record
TN:
SF:src/services/jest/server.ts
FNF:0
FNH:0
DA:4,2
LF:1
LH:1
BRF:0
BRH:0
end_of_record
TN:
SF:src/store/store.ts
FN:13,(anonymous_0)
FNF:1
FNH:1
FNDA:33,(anonymous_0)
DA:13,2
DA:14,33
DA:15,11
DA:17,33
DA:20,2
DA:25,2
LF:6
LH:6
BRDA:14,0,0,11
BRDA:14,0,1,22
BRF:2
BRH:2
end_of_record
TN:
SF:src/store/chat/chatSlice.ts
FN:70,(anonymous_0)
FN:85,(anonymous_1)
FN:89,(anonymous_2)
FN:92,(anonymous_3)
FN:114,(anonymous_4)
FN:120,(anonymous_5)
FN:122,(anonymous_6)
FN:141,(anonymous_7)
FN:149,(anonymous_8)
FN:164,(anonymous_9)
FN:167,(anonymous_10)
FN:170,(anonymous_11)
FN:174,(anonymous_12)
FN:179,(anonymous_13)
FN:184,(anonymous_14)
FN:187,(anonymous_15)
FN:197,(anonymous_16)
FN:205,(anonymous_17)
FN:213,(anonymous_18)
FNF:19
FNH:11
FNDA:0,(anonymous_0)
FNDA:0,(anonymous_1)
FNDA:5,(anonymous_2)
FNDA:1,(anonymous_3)
FNDA:2,(anonymous_4)
FNDA:2,(anonymous_5)
FNDA:1,(anonymous_6)
FNDA:3,(anonymous_7)
FNDA:1,(anonymous_8)
FNDA:2,(anonymous_9)
FNDA:2,(anonymous_10)
FNDA:2,(anonymous_11)
FNDA:0,(anonymous_12)
FNDA:1,(anonymous_13)
FNDA:0,(anonymous_14)
FNDA:0,(anonymous_15)
FNDA:0,(anonymous_16)
FNDA:0,(anonymous_17)
FNDA:0,(anonymous_18)
DA:46,2
DA:65,2
DA:71,0
DA:77,0
DA:81,2
DA:86,0
DA:87,0
DA:90,5
DA:91,5
DA:92,5
DA:93,1
DA:94,1
DA:98,5
DA:100,1
DA:103,4
DA:110,4
DA:118,2
DA:119,2
DA:120,2
DA:121,2
DA:122,1
DA:123,1
DA:124,1
DA:127,1
DA:128,1
DA:131,1
DA:134,1
DA:145,3
DA:146,3
DA:149,3
DA:150,3
DA:151,1
DA:154,2
DA:161,2
DA:165,2
DA:168,2
DA:171,2
DA:172,2
DA:175,0
DA:180,1
DA:185,0
DA:189,0
DA:190,0
DA:192,0
DA:193,0
DA:196,0
DA:197,0
DA:199,0
DA:200,0
DA:203,0
DA:206,0
DA:213,2
DA:216,2
LF:53
LH:37
BRDA:93,0,0,1
BRDA:93,0,1,0
BRDA:93,1,0,1
BRDA:93,1,1,1
BRDA:98,2,0,1
BRDA:98,2,1,4
BRDA:121,3,0,1
BRDA:121,3,1,1
BRDA:123,4,0,1
BRDA:123,4,1,0
BRDA:127,5,0,1
BRDA:127,5,1,0
BRDA:150,6,0,1
BRDA:150,6,1,2
BRDA:192,7,0,0
BRDA:192,7,1,0
BRDA:199,8,0,0
BRDA:199,8,1,0
BRF:18
BRH:11
end_of_record
TN:
SF:src/store/chat/mock-data/chatHandlers.ts
FN:32,(anonymous_0)
FN:38,(anonymous_1)
FNF:2
FNH:2
FNDA:2,(anonymous_0)
FNDA:9,(anonymous_1)
DA:9,1
DA:29,1
DA:33,2
DA:38,1
DA:39,9
LF:5
LH:5
BRF:0
BRH:0
end_of_record
TN:
SF:src/store/chat/thunks/getChatsAsyncThunk.ts
FN:12,(anonymous_0)
FN:18,(anonymous_1)
FN:34,updateReadRooms
FN:39,(anonymous_3)
FN:41,(anonymous_4)
FNF:5
FNH:5
FNDA:2,(anonymous_0)
FNDA:4,(anonymous_1)
FNDA:3,updateReadRooms
FNDA:2,(anonymous_3)
FNDA:3,(anonymous_4)
DA:10,2
DA:13,2
DA:14,2
DA:15,0
DA:18,2
DA:19,4
DA:20,2
DA:26,2
DA:27,2
DA:28,2
DA:30,2
DA:39,3
DA:40,2
DA:41,3
DA:44,2
DA:45,2
DA:49,1
DA:50,1
LF:18
LH:17
BRDA:14,0,0,0
BRDA:14,0,1,2
BRDA:19,1,0,2
BRDA:19,1,1,2
BRDA:19,2,0,4
BRDA:19,2,1,2
BRDA:44,3,0,2
BRDA:44,3,1,0
BRDA:44,4,0,2
BRDA:44,4,1,2
BRDA:45,5,0,1
BRDA:45,5,1,1
BRF:12
BRH:10
end_of_record
TN:
SF:src/store/chat/thunks/operateReadRoomAsyncThunk.ts
FN:10,(anonymous_0)
FN:30,(anonymous_1)
FN:50,(anonymous_2)
FN:67,(anonymous_3)
FNF:4
FNH:1
FNDA:1,(anonymous_0)
FNDA:0,(anonymous_1)
FNDA:0,(anonymous_2)
FNDA:0,(anonymous_3)
DA:7,2
DA:11,1
DA:12,1
DA:14,1
DA:16,0
DA:19,0
DA:21,0
DA:22,0
DA:24,0
DA:27,0
DA:28,0
DA:29,0
DA:30,0
DA:33,0
DA:34,0
DA:38,0
DA:41,0
DA:42,0
DA:43,0
DA:49,0
DA:50,0
DA:52,0
DA:53,0
DA:55,0
DA:58,0
DA:60,1
DA:61,0
DA:63,0
DA:66,1
DA:67,0
DA:69,1
DA:70,0
DA:73,1
DA:75,0
DA:79,1
DA:80,1
LF:36
LH:10
BRDA:14,0,0,0
BRDA:14,0,1,0
BRDA:14,0,2,1
BRDA:14,0,3,0
BRDA:19,1,0,0
BRDA:19,1,1,0
BRDA:21,2,0,0
BRDA:21,2,1,0
BRDA:28,3,0,0
BRDA:28,3,1,0
BRDA:33,4,0,0
BRDA:33,4,1,0
BRDA:41,5,0,0
BRDA:41,5,1,0
BRDA:52,6,0,0
BRDA:52,6,1,0
BRDA:60,7,0,0
BRDA:60,7,1,1
BRDA:69,8,0,0
BRDA:69,8,1,1
BRF:20
BRH:3
end_of_record
TN:
SF:src/store/user/thunks.ts
FN:7,(anonymous_0)
FN:16,(anonymous_1)
FN:19,(anonymous_2)
FN:29,(anonymous_3)
FNF:4
FNH:3
FNDA:0,(anonymous_0)
FNDA:1,(anonymous_1)
FNDA:2,(anonymous_2)
FNDA:1,(anonymous_3)
DA:5,2
DA:8,0
DA:10,0
DA:14,2
DA:17,1
DA:18,1
DA:19,1
DA:20,2
DA:23,1
DA:27,2
DA:30,1
DA:31,1
DA:32,1
DA:33,1
DA:37,1
LF:15
LH:13
BRDA:32,0,0,1
BRDA:32,0,1,0
BRDA:32,1,0,1
BRDA:32,1,1,0
BRF:4
BRH:2
end_of_record
TN:
SF:src/store/user/userSlice.ts
FN:30,(anonymous_0)
FN:33,(anonymous_1)
FN:37,(anonymous_2)
FN:39,(anonymous_3)
FN:42,(anonymous_4)
FN:46,(anonymous_5)
FN:49,(anonymous_6)
FN:52,(anonymous_7)
FN:58,(anonymous_8)
FNF:9
FNH:4
FNDA:0,(anonymous_0)
FNDA:0,(anonymous_1)
FNDA:2,(anonymous_2)
FNDA:1,(anonymous_3)
FNDA:1,(anonymous_4)
FNDA:0,(anonymous_5)
FNDA:1,(anonymous_6)
FNDA:0,(anonymous_7)
FNDA:0,(anonymous_8)
DA:18,2
DA:26,2
DA:31,0
DA:34,0
DA:38,2
DA:40,1
DA:43,1
DA:44,1
DA:47,0
DA:50,1
DA:53,0
DA:58,2
DA:59,2
LF:13
LH:9
BRF:0
BRH:0
end_of_record
TN:
SF:src/store/user/mock-data/scoreHandlers.ts
FN:8,(anonymous_0)
FN:21,(anonymous_1)
FNF:2
FNH:2
FNDA:1,(anonymous_0)
FNDA:1,(anonymous_1)
DA:7,1
DA:9,1
DA:21,1
DA:22,1
LF:4
LH:4
BRF:0
BRH:0
end_of_record
TN:
SF:src/store/user/mock-data/userProfileHandlers.ts
FN:8,(anonymous_0)
FN:16,(anonymous_1)
FNF:2
FNH:2
FNDA:1,(anonymous_0)
FNDA:1,(anonymous_1)
DA:7,1
DA:9,1
DA:16,1
DA:17,1
LF:4
LH:4
BRF:0
BRH:0
end_of_record
TN:
SF:src/types/network/types.tsx
FNF:0
FNH:0
LF:0
LH:0
BRF:0
BRH:0
end_of_record
TN:
SF:src/utils/initConfig.ts
FN:16,(anonymous_0)
FN:30,(anonymous_1)
FNF:2
FNH:0
FNDA:0,(anonymous_0)
FNDA:0,(anonymous_1)
DA:16,0
DA:17,0
DA:19,0
DA:20,0
DA:21,0
DA:22,0
DA:24,0
DA:27,0
DA:30,0
DA:31,0
DA:32,0
DA:34,0
DA:36,0
DA:37,0
DA:40,0
DA:48,0
DA:50,0
LF:17
LH:0
BRDA:19,0,0,0
BRDA:19,0,1,0
BRDA:19,1,0,0
BRDA:19,1,1,0
BRDA:19,1,2,0
BRF:5
BRH:0
end_of_record
